<html xmlns:string="xalan://java.lang.String" xmlns:lxslt="http://xml.apache.org/xslt">
<head>
<META http-equiv="Content-Type" content="text/html; charset=UTF-8">
<title>Unit Test Results: All Errors</title>
<link rel="stylesheet" type="text/css" title="Style" href="stylesheet.css">
</head>
<body onload="open('allclasses-frame.html','classListFrame')">
<h1>Unit Test Results.</h1>
<table width="100%">
<tr>
<td align="left"></td><td align="right">Designed for use with <a href="http://www.junit.org/">JUnit</a> and <a href="http://ant.apache.org/">Ant</a>.</td>
</tr>
</table>
<hr size="1">
<h2>All Errors</h2>
<table class="details" border="0" cellpadding="5" cellspacing="2" width="95%">
<tr valign="top">
<th>Class</th><th>Name</th><th>Status</th><th width="80%">Type</th><th nowrap>Time(s)</th>
</tr>
<tr valign="top" class="Error">
<td><a href="com/example/tests/0_Launcher.html">Launcher</a></td><td><a name="testUserEdit"></a><a href="com/example/tests/0_Launcher.html#testUserEdit">testUserEdit</a></td><td>Error</td><td>Unable to locate element: {"method":"link text","selector":"autotest"}
Command duration or timeout: 30.03 seconds
For documentation on this error, please visit: http://seleniumhq.org/exceptions/no_such_element.html
Build info: version: '2.39.0', revision: 'ff23eac', time: '2013-12-16 16:11:15'
System info: host: 'ArturTrofimchuk', ip: '192.168.56.1', os.name: 'Windows 8', os.arch: 'amd64', os.version: '6.2', java.version: '1.7.0_45'
Session ID: 437fbc87-c906-456f-9027-dea762590ddc
Driver info: org.openqa.selenium.firefox.FirefoxDriver
Capabilities [{platform=XP, acceptSslCerts=true, javascriptEnabled=true, browserName=firefox, rotatable=false, locationContextEnabled=true, version=26.0, cssSelectorsEnabled=true, databaseEnabled=true, handlesAlerts=true, browserConnectionEnabled=true, nativeEvents=true, webStorageEnabled=true, applicationCacheEnabled=true, takesScreenshot=true}]<br>
<br>
<code>org.openqa.selenium.NoSuchElementException: Unable to locate element: {"method":"link text","selector":"autotest"}<br>Command duration or timeout: 30.03 seconds<br>For documentation on this error, please visit: http://seleniumhq.org/exceptions/no_such_element.html<br>Build info: version: '2.39.0', revision: 'ff23eac', time: '2013-12-16 16:11:15'<br>System info: host: 'ArturTrofimchuk', ip: '192.168.56.1', os.name: 'Windows 8', os.arch: 'amd64', os.version: '6.2', java.version: '1.7.0_45'<br>Session ID: 437fbc87-c906-456f-9027-dea762590ddc<br>Driver info: org.openqa.selenium.firefox.FirefoxDriver<br>Capabilities [{platform=XP, acceptSslCerts=true, javascriptEnabled=true, browserName=firefox, rotatable=false, locationContextEnabled=true, version=26.0, cssSelectorsEnabled=true, databaseEnabled=true, handlesAlerts=true, browserConnectionEnabled=true, nativeEvents=true, webStorageEnabled=true, applicationCacheEnabled=true, takesScreenshot=true}]<br>	at java.lang.reflect.Constructor.newInstance(Constructor.java:526)<br>	at org.openqa.selenium.remote.ErrorHandler.createThrowable(ErrorHandler.java:193)<br>	at org.openqa.selenium.remote.ErrorHandler.throwIfResponseFailed(ErrorHandler.java:145)<br>	at org.openqa.selenium.remote.RemoteWebDriver.execute(RemoteWebDriver.java:554)<br>	at org.openqa.selenium.remote.RemoteWebDriver.findElement(RemoteWebDriver.java:307)<br>	at org.openqa.selenium.remote.RemoteWebDriver.findElementByLinkText(RemoteWebDriver.java:356)<br>	at org.openqa.selenium.By$ByLinkText.findElement(By.java:248)<br>	at org.openqa.selenium.remote.RemoteWebDriver.findElement(RemoteWebDriver.java:299)<br>	at com.example.tests.User.UserEdit.testUserEdit(UserEdit.java:45)<br>Caused by: org.openqa.selenium.remote.ErrorHandler$UnknownServerException: Unable to locate element: {"method":"link text","selector":"autotest"}<br>Build info: version: '2.39.0', revision: 'ff23eac', time: '2013-12-16 16:11:15'<br>System info: host: 'ArturTrofimchuk', ip: '192.168.56.1', os.name: 'Windows 8', os.arch: 'amd64', os.version: '6.2', java.version: '1.7.0_45'<br>Driver info: driver.version: unknown<br>	at &lt;anonymous class&gt;.FirefoxDriver.prototype.findElementInternal_(file:///C:/Users/ARTURT~1/AppData/Local/Temp/anonymous5855277421186937807webdriver-profile/extensions/fxdriver@googlecode.com/components/driver_component.js:8860)<br>	at &lt;anonymous class&gt;.fxdriver.Timer.prototype.setTimeout/&lt;.notify(file:///C:/Users/ARTURT~1/AppData/Local/Temp/anonymous5855277421186937807webdriver-profile/extensions/fxdriver@googlecode.com/components/driver_component.js:396)<br>
</code></td><td>41.853</td>
</tr>
<tr valign="top" class="Error">
<td><a href="com/example/tests/0_Launcher.html">Launcher</a></td><td><a name="testCategoryOfOrganizationEdit"></a><a href="com/example/tests/0_Launcher.html#testCategoryOfOrganizationEdit">testCategoryOfOrganizationEdit</a></td><td>Error</td><td>Unable to locate element: {"method":"link text","selector":"autotest"}
Command duration or timeout: 30.08 seconds
For documentation on this error, please visit: http://seleniumhq.org/exceptions/no_such_element.html
Build info: version: '2.39.0', revision: 'ff23eac', time: '2013-12-16 16:11:15'
System info: host: 'ArturTrofimchuk', ip: '192.168.56.1', os.name: 'Windows 8', os.arch: 'amd64', os.version: '6.2', java.version: '1.7.0_45'
Session ID: 6dc971f8-faf4-49d0-a932-e424984a9f86
Driver info: org.openqa.selenium.firefox.FirefoxDriver
Capabilities [{platform=XP, acceptSslCerts=true, javascriptEnabled=true, browserName=firefox, rotatable=false, locationContextEnabled=true, version=26.0, cssSelectorsEnabled=true, databaseEnabled=true, handlesAlerts=true, browserConnectionEnabled=true, nativeEvents=true, webStorageEnabled=true, applicationCacheEnabled=true, takesScreenshot=true}]<br>
<br>
<code>org.openqa.selenium.NoSuchElementException: Unable to locate element: {"method":"link text","selector":"autotest"}<br>Command duration or timeout: 30.08 seconds<br>For documentation on this error, please visit: http://seleniumhq.org/exceptions/no_such_element.html<br>Build info: version: '2.39.0', revision: 'ff23eac', time: '2013-12-16 16:11:15'<br>System info: host: 'ArturTrofimchuk', ip: '192.168.56.1', os.name: 'Windows 8', os.arch: 'amd64', os.version: '6.2', java.version: '1.7.0_45'<br>Session ID: 6dc971f8-faf4-49d0-a932-e424984a9f86<br>Driver info: org.openqa.selenium.firefox.FirefoxDriver<br>Capabilities [{platform=XP, acceptSslCerts=true, javascriptEnabled=true, browserName=firefox, rotatable=false, locationContextEnabled=true, version=26.0, cssSelectorsEnabled=true, databaseEnabled=true, handlesAlerts=true, browserConnectionEnabled=true, nativeEvents=true, webStorageEnabled=true, applicationCacheEnabled=true, takesScreenshot=true}]<br>	at java.lang.reflect.Constructor.newInstance(Constructor.java:526)<br>	at org.openqa.selenium.remote.ErrorHandler.createThrowable(ErrorHandler.java:193)<br>	at org.openqa.selenium.remote.ErrorHandler.throwIfResponseFailed(ErrorHandler.java:145)<br>	at org.openqa.selenium.remote.RemoteWebDriver.execute(RemoteWebDriver.java:554)<br>	at org.openqa.selenium.remote.RemoteWebDriver.findElement(RemoteWebDriver.java:307)<br>	at org.openqa.selenium.remote.RemoteWebDriver.findElementByLinkText(RemoteWebDriver.java:356)<br>	at org.openqa.selenium.By$ByLinkText.findElement(By.java:248)<br>	at org.openqa.selenium.remote.RemoteWebDriver.findElement(RemoteWebDriver.java:299)<br>	at com.example.tests.CategoryOfOrganization.CategoryOfOrganizationEdit.testCategoryOfOrganizationEdit(CategoryOfOrganizationEdit.java:46)<br>Caused by: org.openqa.selenium.remote.ErrorHandler$UnknownServerException: Unable to locate element: {"method":"link text","selector":"autotest"}<br>Build info: version: '2.39.0', revision: 'ff23eac', time: '2013-12-16 16:11:15'<br>System info: host: 'ArturTrofimchuk', ip: '192.168.56.1', os.name: 'Windows 8', os.arch: 'amd64', os.version: '6.2', java.version: '1.7.0_45'<br>Driver info: driver.version: unknown<br>	at &lt;anonymous class&gt;.FirefoxDriver.prototype.findElementInternal_(file:///C:/Users/ARTURT~1/AppData/Local/Temp/anonymous5109229339731971355webdriver-profile/extensions/fxdriver@googlecode.com/components/driver_component.js:8860)<br>	at &lt;anonymous class&gt;.fxdriver.Timer.prototype.setTimeout/&lt;.notify(file:///C:/Users/ARTURT~1/AppData/Local/Temp/anonymous5109229339731971355webdriver-profile/extensions/fxdriver@googlecode.com/components/driver_component.js:396)<br>
</code></td><td>41.404</td>
</tr>
<tr valign="top" class="Error">
<td><a href="com/example/tests/0_Launcher.html">Launcher</a></td><td><a name="testCategoryOfOrganizationDel"></a><a href="com/example/tests/0_Launcher.html#testCategoryOfOrganizationDel">testCategoryOfOrganizationDel</a></td><td>Error</td><td>Unable to locate element: {"method":"link text","selector":"autotest1"}
Command duration or timeout: 30.09 seconds
For documentation on this error, please visit: http://seleniumhq.org/exceptions/no_such_element.html
Build info: version: '2.39.0', revision: 'ff23eac', time: '2013-12-16 16:11:15'
System info: host: 'ArturTrofimchuk', ip: '192.168.56.1', os.name: 'Windows 8', os.arch: 'amd64', os.version: '6.2', java.version: '1.7.0_45'
Session ID: b53a9e08-46e8-4ce5-b1aa-ad89f7e1e9d2
Driver info: org.openqa.selenium.firefox.FirefoxDriver
Capabilities [{platform=XP, acceptSslCerts=true, javascriptEnabled=true, browserName=firefox, rotatable=false, locationContextEnabled=true, version=26.0, cssSelectorsEnabled=true, databaseEnabled=true, handlesAlerts=true, browserConnectionEnabled=true, nativeEvents=true, webStorageEnabled=true, applicationCacheEnabled=true, takesScreenshot=true}]<br>
<br>
<code>org.openqa.selenium.NoSuchElementException: Unable to locate element: {"method":"link text","selector":"autotest1"}<br>Command duration or timeout: 30.09 seconds<br>For documentation on this error, please visit: http://seleniumhq.org/exceptions/no_such_element.html<br>Build info: version: '2.39.0', revision: 'ff23eac', time: '2013-12-16 16:11:15'<br>System info: host: 'ArturTrofimchuk', ip: '192.168.56.1', os.name: 'Windows 8', os.arch: 'amd64', os.version: '6.2', java.version: '1.7.0_45'<br>Session ID: b53a9e08-46e8-4ce5-b1aa-ad89f7e1e9d2<br>Driver info: org.openqa.selenium.firefox.FirefoxDriver<br>Capabilities [{platform=XP, acceptSslCerts=true, javascriptEnabled=true, browserName=firefox, rotatable=false, locationContextEnabled=true, version=26.0, cssSelectorsEnabled=true, databaseEnabled=true, handlesAlerts=true, browserConnectionEnabled=true, nativeEvents=true, webStorageEnabled=true, applicationCacheEnabled=true, takesScreenshot=true}]<br>	at java.lang.reflect.Constructor.newInstance(Constructor.java:526)<br>	at org.openqa.selenium.remote.ErrorHandler.createThrowable(ErrorHandler.java:193)<br>	at org.openqa.selenium.remote.ErrorHandler.throwIfResponseFailed(ErrorHandler.java:145)<br>	at org.openqa.selenium.remote.RemoteWebDriver.execute(RemoteWebDriver.java:554)<br>	at org.openqa.selenium.remote.RemoteWebDriver.findElement(RemoteWebDriver.java:307)<br>	at org.openqa.selenium.remote.RemoteWebDriver.findElementByLinkText(RemoteWebDriver.java:356)<br>	at org.openqa.selenium.By$ByLinkText.findElement(By.java:248)<br>	at org.openqa.selenium.remote.RemoteWebDriver.findElement(RemoteWebDriver.java:299)<br>	at com.example.tests.CategoryOfOrganization.CategoryOfOrganizationDel.testCategoryOfOrganizationDel(CategoryOfOrganizationDel.java:47)<br>Caused by: org.openqa.selenium.remote.ErrorHandler$UnknownServerException: Unable to locate element: {"method":"link text","selector":"autotest1"}<br>Build info: version: '2.39.0', revision: 'ff23eac', time: '2013-12-16 16:11:15'<br>System info: host: 'ArturTrofimchuk', ip: '192.168.56.1', os.name: 'Windows 8', os.arch: 'amd64', os.version: '6.2', java.version: '1.7.0_45'<br>Driver info: driver.version: unknown<br>	at &lt;anonymous class&gt;.FirefoxDriver.prototype.findElementInternal_(file:///C:/Users/ARTURT~1/AppData/Local/Temp/anonymous6508872649478405115webdriver-profile/extensions/fxdriver@googlecode.com/components/driver_component.js:8860)<br>	at &lt;anonymous class&gt;.fxdriver.Timer.prototype.setTimeout/&lt;.notify(file:///C:/Users/ARTURT~1/AppData/Local/Temp/anonymous6508872649478405115webdriver-profile/extensions/fxdriver@googlecode.com/components/driver_component.js:396)<br>
</code></td><td>41.615</td>
</tr>
<tr valign="top" class="Error">
<td><a href="com/example/tests/0_Launcher.html">Launcher</a></td><td><a name="testTerritoryAssigne"></a><a href="com/example/tests/0_Launcher.html#testTerritoryAssigne">testTerritoryAssigne</a></td><td>Error</td><td>Unable to locate element: {"method":"link text","selector":"AutotestB"}
Command duration or timeout: 31.63 seconds
For documentation on this error, please visit: http://seleniumhq.org/exceptions/no_such_element.html
Build info: version: '2.39.0', revision: 'ff23eac', time: '2013-12-16 16:11:15'
System info: host: 'ArturTrofimchuk', ip: '192.168.56.1', os.name: 'Windows 8', os.arch: 'amd64', os.version: '6.2', java.version: '1.7.0_45'
Session ID: 64e80db4-9d08-4210-b018-4d62a906e0fa
Driver info: org.openqa.selenium.firefox.FirefoxDriver
Capabilities [{platform=XP, acceptSslCerts=true, javascriptEnabled=true, browserName=firefox, rotatable=false, locationContextEnabled=true, version=26.0, cssSelectorsEnabled=true, databaseEnabled=true, handlesAlerts=true, browserConnectionEnabled=true, nativeEvents=true, webStorageEnabled=true, applicationCacheEnabled=true, takesScreenshot=true}]<br>
<br>
<code>org.openqa.selenium.NoSuchElementException: Unable to locate element: {"method":"link text","selector":"AutotestB"}<br>Command duration or timeout: 31.63 seconds<br>For documentation on this error, please visit: http://seleniumhq.org/exceptions/no_such_element.html<br>Build info: version: '2.39.0', revision: 'ff23eac', time: '2013-12-16 16:11:15'<br>System info: host: 'ArturTrofimchuk', ip: '192.168.56.1', os.name: 'Windows 8', os.arch: 'amd64', os.version: '6.2', java.version: '1.7.0_45'<br>Session ID: 64e80db4-9d08-4210-b018-4d62a906e0fa<br>Driver info: org.openqa.selenium.firefox.FirefoxDriver<br>Capabilities [{platform=XP, acceptSslCerts=true, javascriptEnabled=true, browserName=firefox, rotatable=false, locationContextEnabled=true, version=26.0, cssSelectorsEnabled=true, databaseEnabled=true, handlesAlerts=true, browserConnectionEnabled=true, nativeEvents=true, webStorageEnabled=true, applicationCacheEnabled=true, takesScreenshot=true}]<br>	at java.lang.reflect.Constructor.newInstance(Constructor.java:526)<br>	at org.openqa.selenium.remote.ErrorHandler.createThrowable(ErrorHandler.java:193)<br>	at org.openqa.selenium.remote.ErrorHandler.throwIfResponseFailed(ErrorHandler.java:145)<br>	at org.openqa.selenium.remote.RemoteWebDriver.execute(RemoteWebDriver.java:554)<br>	at org.openqa.selenium.remote.RemoteWebDriver.findElement(RemoteWebDriver.java:307)<br>	at org.openqa.selenium.remote.RemoteWebDriver.findElementByLinkText(RemoteWebDriver.java:356)<br>	at org.openqa.selenium.By$ByLinkText.findElement(By.java:248)<br>	at org.openqa.selenium.remote.RemoteWebDriver.findElement(RemoteWebDriver.java:299)<br>	at com.example.tests.Territory.TerritoryAssigne.testTerritoryAssigne(TerritoryAssigne.java:47)<br>Caused by: org.openqa.selenium.remote.ErrorHandler$UnknownServerException: Unable to locate element: {"method":"link text","selector":"AutotestB"}<br>Build info: version: '2.39.0', revision: 'ff23eac', time: '2013-12-16 16:11:15'<br>System info: host: 'ArturTrofimchuk', ip: '192.168.56.1', os.name: 'Windows 8', os.arch: 'amd64', os.version: '6.2', java.version: '1.7.0_45'<br>Driver info: driver.version: unknown<br>	at &lt;anonymous class&gt;.FirefoxDriver.prototype.findElementInternal_(file:///C:/Users/ARTURT~1/AppData/Local/Temp/anonymous572698142513929133webdriver-profile/extensions/fxdriver@googlecode.com/components/driver_component.js:8860)<br>	at &lt;anonymous class&gt;.fxdriver.Timer.prototype.setTimeout/&lt;.notify(file:///C:/Users/ARTURT~1/AppData/Local/Temp/anonymous572698142513929133webdriver-profile/extensions/fxdriver@googlecode.com/components/driver_component.js:396)<br>
</code></td><td>47.810</td>
</tr>
<tr valign="top" class="Error">
<td><a href="com/example/tests/0_Launcher.html">Launcher</a></td><td><a name="testTerritoryUnassigne"></a><a href="com/example/tests/0_Launcher.html#testTerritoryUnassigne">testTerritoryUnassigne</a></td><td>Error</td><td>Unable to locate element: {"method":"css selector","selector":"td &gt; label.input-control.checkbox &gt; span.helper"}
Command duration or timeout: 30.14 seconds
For documentation on this error, please visit: http://seleniumhq.org/exceptions/no_such_element.html
Build info: version: '2.39.0', revision: 'ff23eac', time: '2013-12-16 16:11:15'
System info: host: 'ArturTrofimchuk', ip: '192.168.56.1', os.name: 'Windows 8', os.arch: 'amd64', os.version: '6.2', java.version: '1.7.0_45'
Session ID: 5d41b7fd-dcab-4bbd-8bd0-8ff4aa414db3
Driver info: org.openqa.selenium.firefox.FirefoxDriver
Capabilities [{platform=XP, acceptSslCerts=true, javascriptEnabled=true, browserName=firefox, rotatable=false, locationContextEnabled=true, version=26.0, cssSelectorsEnabled=true, databaseEnabled=true, handlesAlerts=true, browserConnectionEnabled=true, nativeEvents=true, webStorageEnabled=true, applicationCacheEnabled=true, takesScreenshot=true}]<br>
<br>
<code>org.openqa.selenium.NoSuchElementException: Unable to locate element: {"method":"css selector","selector":"td &gt; label.input-control.checkbox &gt; span.helper"}<br>Command duration or timeout: 30.14 seconds<br>For documentation on this error, please visit: http://seleniumhq.org/exceptions/no_such_element.html<br>Build info: version: '2.39.0', revision: 'ff23eac', time: '2013-12-16 16:11:15'<br>System info: host: 'ArturTrofimchuk', ip: '192.168.56.1', os.name: 'Windows 8', os.arch: 'amd64', os.version: '6.2', java.version: '1.7.0_45'<br>Session ID: 5d41b7fd-dcab-4bbd-8bd0-8ff4aa414db3<br>Driver info: org.openqa.selenium.firefox.FirefoxDriver<br>Capabilities [{platform=XP, acceptSslCerts=true, javascriptEnabled=true, browserName=firefox, rotatable=false, locationContextEnabled=true, version=26.0, cssSelectorsEnabled=true, databaseEnabled=true, handlesAlerts=true, browserConnectionEnabled=true, nativeEvents=true, webStorageEnabled=true, applicationCacheEnabled=true, takesScreenshot=true}]<br>	at java.lang.reflect.Constructor.newInstance(Constructor.java:526)<br>	at org.openqa.selenium.remote.ErrorHandler.createThrowable(ErrorHandler.java:193)<br>	at org.openqa.selenium.remote.ErrorHandler.throwIfResponseFailed(ErrorHandler.java:145)<br>	at org.openqa.selenium.remote.RemoteWebDriver.execute(RemoteWebDriver.java:554)<br>	at org.openqa.selenium.remote.RemoteWebDriver.findElement(RemoteWebDriver.java:307)<br>	at org.openqa.selenium.remote.RemoteWebDriver.findElementByCssSelector(RemoteWebDriver.java:396)<br>	at org.openqa.selenium.By$ByCssSelector.findElement(By.java:432)<br>	at org.openqa.selenium.remote.RemoteWebDriver.findElement(RemoteWebDriver.java:299)<br>	at com.example.tests.Territory.TerritoryUnassigne.testTerritoryUnassigne(TerritoryUnassigne.java:37)<br>Caused by: org.openqa.selenium.remote.ErrorHandler$UnknownServerException: Unable to locate element: {"method":"css selector","selector":"td &gt; label.input-control.checkbox &gt; span.helper"}<br>Build info: version: '2.39.0', revision: 'ff23eac', time: '2013-12-16 16:11:15'<br>System info: host: 'ArturTrofimchuk', ip: '192.168.56.1', os.name: 'Windows 8', os.arch: 'amd64', os.version: '6.2', java.version: '1.7.0_45'<br>Driver info: driver.version: unknown<br>	at &lt;anonymous class&gt;.FirefoxDriver.prototype.findElementInternal_(file:///C:/Users/ARTURT~1/AppData/Local/Temp/anonymous9092970997943838119webdriver-profile/extensions/fxdriver@googlecode.com/components/driver_component.js:8860)<br>	at &lt;anonymous class&gt;.fxdriver.Timer.prototype.setTimeout/&lt;.notify(file:///C:/Users/ARTURT~1/AppData/Local/Temp/anonymous9092970997943838119webdriver-profile/extensions/fxdriver@googlecode.com/components/driver_component.js:396)<br>
</code></td><td>40.514</td>
</tr>
<tr valign="top" class="Error">
<td><a href="com/example/tests/0_Launcher.html">Launcher</a></td><td><a name="testTerritoryOrganizationAssigne"></a><a href="com/example/tests/0_Launcher.html#testTerritoryOrganizationAssigne">testTerritoryOrganizationAssigne</a></td><td>Error</td><td>Unable to locate element: {"method":"id","selector":"assignButton_Organization"}
Command duration or timeout: 30.08 seconds
For documentation on this error, please visit: http://seleniumhq.org/exceptions/no_such_element.html
Build info: version: '2.39.0', revision: 'ff23eac', time: '2013-12-16 16:11:15'
System info: host: 'ArturTrofimchuk', ip: '192.168.56.1', os.name: 'Windows 8', os.arch: 'amd64', os.version: '6.2', java.version: '1.7.0_45'
Session ID: 4539d909-104f-4a45-bde7-c601daa30063
Driver info: org.openqa.selenium.firefox.FirefoxDriver
Capabilities [{platform=XP, acceptSslCerts=true, javascriptEnabled=true, browserName=firefox, rotatable=false, locationContextEnabled=true, version=26.0, cssSelectorsEnabled=true, databaseEnabled=true, handlesAlerts=true, browserConnectionEnabled=true, nativeEvents=true, webStorageEnabled=true, applicationCacheEnabled=true, takesScreenshot=true}]<br>
<br>
<code>org.openqa.selenium.NoSuchElementException: Unable to locate element: {"method":"id","selector":"assignButton_Organization"}<br>Command duration or timeout: 30.08 seconds<br>For documentation on this error, please visit: http://seleniumhq.org/exceptions/no_such_element.html<br>Build info: version: '2.39.0', revision: 'ff23eac', time: '2013-12-16 16:11:15'<br>System info: host: 'ArturTrofimchuk', ip: '192.168.56.1', os.name: 'Windows 8', os.arch: 'amd64', os.version: '6.2', java.version: '1.7.0_45'<br>Session ID: 4539d909-104f-4a45-bde7-c601daa30063<br>Driver info: org.openqa.selenium.firefox.FirefoxDriver<br>Capabilities [{platform=XP, acceptSslCerts=true, javascriptEnabled=true, browserName=firefox, rotatable=false, locationContextEnabled=true, version=26.0, cssSelectorsEnabled=true, databaseEnabled=true, handlesAlerts=true, browserConnectionEnabled=true, nativeEvents=true, webStorageEnabled=true, applicationCacheEnabled=true, takesScreenshot=true}]<br>	at java.lang.reflect.Constructor.newInstance(Constructor.java:526)<br>	at org.openqa.selenium.remote.ErrorHandler.createThrowable(ErrorHandler.java:193)<br>	at org.openqa.selenium.remote.ErrorHandler.throwIfResponseFailed(ErrorHandler.java:145)<br>	at org.openqa.selenium.remote.RemoteWebDriver.execute(RemoteWebDriver.java:554)<br>	at org.openqa.selenium.remote.RemoteWebDriver.findElement(RemoteWebDriver.java:307)<br>	at org.openqa.selenium.remote.RemoteWebDriver.findElementById(RemoteWebDriver.java:348)<br>	at org.openqa.selenium.By$ById.findElement(By.java:220)<br>	at org.openqa.selenium.remote.RemoteWebDriver.findElement(RemoteWebDriver.java:299)<br>	at com.example.tests.Territory.TerritoryOrganizationAssigne.testTerritoryOrganizationAssigne(TerritoryOrganizationAssigne.java:42)<br>Caused by: org.openqa.selenium.remote.ErrorHandler$UnknownServerException: Unable to locate element: {"method":"id","selector":"assignButton_Organization"}<br>Build info: version: '2.39.0', revision: 'ff23eac', time: '2013-12-16 16:11:15'<br>System info: host: 'ArturTrofimchuk', ip: '192.168.56.1', os.name: 'Windows 8', os.arch: 'amd64', os.version: '6.2', java.version: '1.7.0_45'<br>Driver info: driver.version: unknown<br>	at &lt;anonymous class&gt;.FirefoxDriver.prototype.findElementInternal_(file:///C:/Users/ARTURT~1/AppData/Local/Temp/anonymous6705397525089801575webdriver-profile/extensions/fxdriver@googlecode.com/components/driver_component.js:8860)<br>	at &lt;anonymous class&gt;.fxdriver.Timer.prototype.setTimeout/&lt;.notify(file:///C:/Users/ARTURT~1/AppData/Local/Temp/anonymous6705397525089801575webdriver-profile/extensions/fxdriver@googlecode.com/components/driver_component.js:396)<br>
</code></td><td>42.590</td>
</tr>
<tr valign="top" class="Error">
<td><a href="com/example/tests/0_Launcher.html">Launcher</a></td><td><a name="testTerritoryOrganizationUnassigne"></a><a href="com/example/tests/0_Launcher.html#testTerritoryOrganizationUnassigne">testTerritoryOrganizationUnassigne</a></td><td>Error</td><td>Element not found in the cache - perhaps the page has changed since it was looked up
Command duration or timeout: 30.09 seconds
For documentation on this error, please visit: http://seleniumhq.org/exceptions/stale_element_reference.html
Build info: version: '2.39.0', revision: 'ff23eac', time: '2013-12-16 16:11:15'
System info: host: 'ArturTrofimchuk', ip: '192.168.56.1', os.name: 'Windows 8', os.arch: 'amd64', os.version: '6.2', java.version: '1.7.0_45'
Session ID: 87d5a6bf-e2fb-4736-a568-4e0fb09da8dd
Driver info: org.openqa.selenium.firefox.FirefoxDriver
Capabilities [{platform=XP, acceptSslCerts=true, javascriptEnabled=true, browserName=firefox, rotatable=false, locationContextEnabled=true, version=26.0, cssSelectorsEnabled=true, databaseEnabled=true, handlesAlerts=true, browserConnectionEnabled=true, nativeEvents=true, webStorageEnabled=true, applicationCacheEnabled=true, takesScreenshot=true}]<br>
<br>
<code>org.openqa.selenium.StaleElementReferenceException: Element not found in the cache - perhaps the page has changed since it was looked up<br>Command duration or timeout: 30.09 seconds<br>For documentation on this error, please visit: http://seleniumhq.org/exceptions/stale_element_reference.html<br>Build info: version: '2.39.0', revision: 'ff23eac', time: '2013-12-16 16:11:15'<br>System info: host: 'ArturTrofimchuk', ip: '192.168.56.1', os.name: 'Windows 8', os.arch: 'amd64', os.version: '6.2', java.version: '1.7.0_45'<br>Session ID: 87d5a6bf-e2fb-4736-a568-4e0fb09da8dd<br>Driver info: org.openqa.selenium.firefox.FirefoxDriver<br>Capabilities [{platform=XP, acceptSslCerts=true, javascriptEnabled=true, browserName=firefox, rotatable=false, locationContextEnabled=true, version=26.0, cssSelectorsEnabled=true, databaseEnabled=true, handlesAlerts=true, browserConnectionEnabled=true, nativeEvents=true, webStorageEnabled=true, applicationCacheEnabled=true, takesScreenshot=true}]<br>	at java.lang.reflect.Constructor.newInstance(Constructor.java:526)<br>	at org.openqa.selenium.remote.ErrorHandler.createThrowable(ErrorHandler.java:193)<br>	at org.openqa.selenium.remote.ErrorHandler.throwIfResponseFailed(ErrorHandler.java:145)<br>	at org.openqa.selenium.remote.RemoteWebDriver.execute(RemoteWebDriver.java:554)<br>	at org.openqa.selenium.remote.RemoteWebElement.execute(RemoteWebElement.java:268)<br>	at org.openqa.selenium.remote.RemoteWebElement.click(RemoteWebElement.java:79)<br>	at com.example.tests.Territory.TerritoryOrganizationUnassigne.testTerritoryOrganizationUnassigne(TerritoryOrganizationUnassigne.java:42)<br>Caused by: org.openqa.selenium.remote.ErrorHandler$UnknownServerException: Element not found in the cache - perhaps the page has changed since it was looked up<br>Build info: version: '2.39.0', revision: 'ff23eac', time: '2013-12-16 16:11:15'<br>System info: host: 'ArturTrofimchuk', ip: '192.168.56.1', os.name: 'Windows 8', os.arch: 'amd64', os.version: '6.2', java.version: '1.7.0_45'<br>Driver info: driver.version: unknown<br>	at &lt;anonymous class&gt;.fxdriver.cache.getElementAt(resource://fxdriver/modules/web_element_cache.js:7584)<br>	at &lt;anonymous class&gt;.Utils.getElementAt(file:///C:/Users/ARTURT~1/AppData/Local/Temp/anonymous5907359102138623352webdriver-profile/extensions/fxdriver@googlecode.com/components/command_processor.js:7197)<br>	at &lt;anonymous class&gt;.fxdriver.preconditions.visible(file:///C:/Users/ARTURT~1/AppData/Local/Temp/anonymous5907359102138623352webdriver-profile/extensions/fxdriver@googlecode.com/components/command_processor.js:8177)<br>	at &lt;anonymous class&gt;.DelayedCommand.prototype.checkPreconditions_(file:///C:/Users/ARTURT~1/AppData/Local/Temp/anonymous5907359102138623352webdriver-profile/extensions/fxdriver@googlecode.com/components/command_processor.js:10814)<br>	at &lt;anonymous class&gt;.DelayedCommand.prototype.executeInternal_/h(file:///C:/Users/ARTURT~1/AppData/Local/Temp/anonymous5907359102138623352webdriver-profile/extensions/fxdriver@googlecode.com/components/command_processor.js:10831)<br>	at &lt;anonymous class&gt;.fxdriver.Timer.prototype.setTimeout/&lt;.notify(file:///C:/Users/ARTURT~1/AppData/Local/Temp/anonymous5907359102138623352webdriver-profile/extensions/fxdriver@googlecode.com/components/command_processor.js:396)<br>
</code></td><td>43.564</td>
</tr>
<tr valign="top" class="Error">
<td><a href="com/example/tests/0_Launcher.html">Launcher</a></td><td><a name="testTerritoryUserAssigne"></a><a href="com/example/tests/0_Launcher.html#testTerritoryUserAssigne">testTerritoryUserAssigne</a></td><td>Error</td><td>Unable to locate element: {"method":"id","selector":"assignButton_User"}
Command duration or timeout: 30.08 seconds
For documentation on this error, please visit: http://seleniumhq.org/exceptions/no_such_element.html
Build info: version: '2.39.0', revision: 'ff23eac', time: '2013-12-16 16:11:15'
System info: host: 'ArturTrofimchuk', ip: '192.168.56.1', os.name: 'Windows 8', os.arch: 'amd64', os.version: '6.2', java.version: '1.7.0_45'
Session ID: f58ca8e6-d991-48a4-8d5e-5b15b6d94a1b
Driver info: org.openqa.selenium.firefox.FirefoxDriver
Capabilities [{platform=XP, acceptSslCerts=true, javascriptEnabled=true, browserName=firefox, rotatable=false, locationContextEnabled=true, version=26.0, cssSelectorsEnabled=true, databaseEnabled=true, handlesAlerts=true, browserConnectionEnabled=true, nativeEvents=true, webStorageEnabled=true, applicationCacheEnabled=true, takesScreenshot=true}]<br>
<br>
<code>org.openqa.selenium.NoSuchElementException: Unable to locate element: {"method":"id","selector":"assignButton_User"}<br>Command duration or timeout: 30.08 seconds<br>For documentation on this error, please visit: http://seleniumhq.org/exceptions/no_such_element.html<br>Build info: version: '2.39.0', revision: 'ff23eac', time: '2013-12-16 16:11:15'<br>System info: host: 'ArturTrofimchuk', ip: '192.168.56.1', os.name: 'Windows 8', os.arch: 'amd64', os.version: '6.2', java.version: '1.7.0_45'<br>Session ID: f58ca8e6-d991-48a4-8d5e-5b15b6d94a1b<br>Driver info: org.openqa.selenium.firefox.FirefoxDriver<br>Capabilities [{platform=XP, acceptSslCerts=true, javascriptEnabled=true, browserName=firefox, rotatable=false, locationContextEnabled=true, version=26.0, cssSelectorsEnabled=true, databaseEnabled=true, handlesAlerts=true, browserConnectionEnabled=true, nativeEvents=true, webStorageEnabled=true, applicationCacheEnabled=true, takesScreenshot=true}]<br>	at java.lang.reflect.Constructor.newInstance(Constructor.java:526)<br>	at org.openqa.selenium.remote.ErrorHandler.createThrowable(ErrorHandler.java:193)<br>	at org.openqa.selenium.remote.ErrorHandler.throwIfResponseFailed(ErrorHandler.java:145)<br>	at org.openqa.selenium.remote.RemoteWebDriver.execute(RemoteWebDriver.java:554)<br>	at org.openqa.selenium.remote.RemoteWebDriver.findElement(RemoteWebDriver.java:307)<br>	at org.openqa.selenium.remote.RemoteWebDriver.findElementById(RemoteWebDriver.java:348)<br>	at org.openqa.selenium.By$ById.findElement(By.java:220)<br>	at org.openqa.selenium.remote.RemoteWebDriver.findElement(RemoteWebDriver.java:299)<br>	at com.example.tests.Territory.TerritoryUserAssigne.testTerritoryUserAssigne(TerritoryUserAssigne.java:42)<br>Caused by: org.openqa.selenium.remote.ErrorHandler$UnknownServerException: Unable to locate element: {"method":"id","selector":"assignButton_User"}<br>Build info: version: '2.39.0', revision: 'ff23eac', time: '2013-12-16 16:11:15'<br>System info: host: 'ArturTrofimchuk', ip: '192.168.56.1', os.name: 'Windows 8', os.arch: 'amd64', os.version: '6.2', java.version: '1.7.0_45'<br>Driver info: driver.version: unknown<br>	at &lt;anonymous class&gt;.FirefoxDriver.prototype.findElementInternal_(file:///C:/Users/ARTURT~1/AppData/Local/Temp/anonymous8313951042489074060webdriver-profile/extensions/fxdriver@googlecode.com/components/driver_component.js:8860)<br>	at &lt;anonymous class&gt;.fxdriver.Timer.prototype.setTimeout/&lt;.notify(file:///C:/Users/ARTURT~1/AppData/Local/Temp/anonymous8313951042489074060webdriver-profile/extensions/fxdriver@googlecode.com/components/driver_component.js:396)<br>
</code></td><td>42.605</td>
</tr>
<tr valign="top" class="Error">
<td><a href="com/example/tests/0_Launcher.html">Launcher</a></td><td><a name="testTerritoryOrganizationUnassigne"></a><a href="com/example/tests/0_Launcher.html#testTerritoryOrganizationUnassigne">testTerritoryOrganizationUnassigne</a></td><td>Error</td><td>Unable to locate element: {"method":"css selector","selector":"input[id^=Checkbox_User_]"}
Command duration or timeout: 30.03 seconds
For documentation on this error, please visit: http://seleniumhq.org/exceptions/no_such_element.html
Build info: version: '2.39.0', revision: 'ff23eac', time: '2013-12-16 16:11:15'
System info: host: 'ArturTrofimchuk', ip: '192.168.56.1', os.name: 'Windows 8', os.arch: 'amd64', os.version: '6.2', java.version: '1.7.0_45'
Session ID: 695f4160-3dff-4b58-8c79-c6551574b3b3
Driver info: org.openqa.selenium.firefox.FirefoxDriver
Capabilities [{platform=XP, acceptSslCerts=true, javascriptEnabled=true, browserName=firefox, rotatable=false, locationContextEnabled=true, version=26.0, cssSelectorsEnabled=true, databaseEnabled=true, handlesAlerts=true, browserConnectionEnabled=true, nativeEvents=true, webStorageEnabled=true, applicationCacheEnabled=true, takesScreenshot=true}]<br>
<br>
<code>org.openqa.selenium.NoSuchElementException: Unable to locate element: {"method":"css selector","selector":"input[id^=Checkbox_User_]"}<br>Command duration or timeout: 30.03 seconds<br>For documentation on this error, please visit: http://seleniumhq.org/exceptions/no_such_element.html<br>Build info: version: '2.39.0', revision: 'ff23eac', time: '2013-12-16 16:11:15'<br>System info: host: 'ArturTrofimchuk', ip: '192.168.56.1', os.name: 'Windows 8', os.arch: 'amd64', os.version: '6.2', java.version: '1.7.0_45'<br>Session ID: 695f4160-3dff-4b58-8c79-c6551574b3b3<br>Driver info: org.openqa.selenium.firefox.FirefoxDriver<br>Capabilities [{platform=XP, acceptSslCerts=true, javascriptEnabled=true, browserName=firefox, rotatable=false, locationContextEnabled=true, version=26.0, cssSelectorsEnabled=true, databaseEnabled=true, handlesAlerts=true, browserConnectionEnabled=true, nativeEvents=true, webStorageEnabled=true, applicationCacheEnabled=true, takesScreenshot=true}]<br>	at java.lang.reflect.Constructor.newInstance(Constructor.java:526)<br>	at org.openqa.selenium.remote.ErrorHandler.createThrowable(ErrorHandler.java:193)<br>	at org.openqa.selenium.remote.ErrorHandler.throwIfResponseFailed(ErrorHandler.java:145)<br>	at org.openqa.selenium.remote.RemoteWebDriver.execute(RemoteWebDriver.java:554)<br>	at org.openqa.selenium.remote.RemoteWebDriver.findElement(RemoteWebDriver.java:307)<br>	at org.openqa.selenium.remote.RemoteWebDriver.findElementByCssSelector(RemoteWebDriver.java:396)<br>	at org.openqa.selenium.By$ByCssSelector.findElement(By.java:432)<br>	at org.openqa.selenium.remote.RemoteWebDriver.findElement(RemoteWebDriver.java:299)<br>	at com.example.tests.Territory.TerritoryUserUnassigne.testTerritoryOrganizationUnassigne(TerritoryUserUnassigne.java:42)<br>Caused by: org.openqa.selenium.remote.ErrorHandler$UnknownServerException: Unable to locate element: {"method":"css selector","selector":"input[id^=Checkbox_User_]"}<br>Build info: version: '2.39.0', revision: 'ff23eac', time: '2013-12-16 16:11:15'<br>System info: host: 'ArturTrofimchuk', ip: '192.168.56.1', os.name: 'Windows 8', os.arch: 'amd64', os.version: '6.2', java.version: '1.7.0_45'<br>Driver info: driver.version: unknown<br>	at &lt;anonymous class&gt;.FirefoxDriver.prototype.findElementInternal_(file:///C:/Users/ARTURT~1/AppData/Local/Temp/anonymous6546588244341299207webdriver-profile/extensions/fxdriver@googlecode.com/components/driver_component.js:8860)<br>	at &lt;anonymous class&gt;.fxdriver.Timer.prototype.setTimeout/&lt;.notify(file:///C:/Users/ARTURT~1/AppData/Local/Temp/anonymous6546588244341299207webdriver-profile/extensions/fxdriver@googlecode.com/components/driver_component.js:396)<br>
</code></td><td>43.395</td>
</tr>
<tr valign="top" class="Error">
<td><a href="com/example/tests/0_Launcher.html">Launcher</a></td><td><a name="testUserEventAdd"></a><a href="com/example/tests/0_Launcher.html#testUserEventAdd">testUserEventAdd</a></td><td>Error</td><td>N/A<br>
<br>
<code>java.lang.NullPointerException<br>	at com.example.tests.UserEvents.UserEventsAdd.testUserEventAdd(UserEventsAdd.java:48)<br>
</code></td><td>13.427</td>
</tr>
<tr valign="top" class="Error">
<td><a href="com/example/tests/0_Launcher.html">Launcher</a></td><td><a name="testUserEventContactAssigne"></a><a href="com/example/tests/0_Launcher.html#testUserEventContactAssigne">testUserEventContactAssigne</a></td><td>Error</td><td>N/A<br>
<br>
<code>java.lang.NullPointerException<br>	at com.example.tests.UserEvents.UserEventContactAssigne.testUserEventContactAssigne(UserEventContactAssigne.java:41)<br>
</code></td><td>10.220</td>
</tr>
<tr valign="top" class="Error">
<td><a href="com/example/tests/0_Launcher.html">Launcher</a></td><td><a name="testEventContactUnassigne"></a><a href="com/example/tests/0_Launcher.html#testEventContactUnassigne">testEventContactUnassigne</a></td><td>Error</td><td>N/A<br>
<br>
<code>java.lang.NullPointerException<br>	at com.example.tests.UserEvents.UserEventContactUnassigne.testEventContactUnassigne(UserEventContactUnassigne.java:41)<br>
</code></td><td>10.543</td>
</tr>
<tr valign="top" class="Error">
<td><a href="com/example/tests/0_Launcher.html">Launcher</a></td><td><a name="testUserEventsEdit"></a><a href="com/example/tests/0_Launcher.html#testUserEventsEdit">testUserEventsEdit</a></td><td>Error</td><td>N/A<br>
<br>
<code>java.lang.NullPointerException<br>	at com.example.tests.UserEvents.UserEventsEdit.testUserEventsEdit(UserEventsEdit.java:49)<br>
</code></td><td>11.363</td>
</tr>
<tr valign="top" class="Error">
<td><a href="com/example/tests/0_Launcher.html">Launcher</a></td><td><a name="testUserEventsDel"></a><a href="com/example/tests/0_Launcher.html#testUserEventsDel">testUserEventsDel</a></td><td>Error</td><td>N/A<br>
<br>
<code>java.lang.NullPointerException<br>	at com.example.tests.UserEvents.UserEventsDel.testUserEventsDel(UserEventsDel.java:49)<br>
</code></td><td>11.823</td>
</tr>
</table>
</body>
</html>
