<html xmlns:string="xalan://java.lang.String" xmlns:lxslt="http://xml.apache.org/xslt">
<head>
<META http-equiv="Content-Type" content="text/html; charset=UTF-8">
<title>Unit Test Results: com.example.tests.Launcher</title>
<link rel="stylesheet" type="text/css" title="Style" href="../../../stylesheet.css">
<script type="text/javascript" language="JavaScript">
        var TestCases = new Array();
        var cur;
        
    cur = TestCases['com.example.tests.Launcher'] = new Array();
    
        cur['ant.core.lib'] = 'D:\\TestTools\\apache-ant-1.9.3-bin\\apache-ant-1.9.3\\lib\\ant.jar';
    
        cur['ant.file'] = 'D:\\TestTools\\Workspace\\DirectoryTests\\build.xml';
    
        cur['ant.file.DirectoryTests'] = 'D:\\TestTools\\Workspace\\DirectoryTests\\build.xml';
    
        cur['ant.file.type.DirectoryTests'] = 'file';
    
        cur['ant.home'] = 'D:\\TestTools\\apache-ant-1.9.3-bin\\apache-ant-1.9.3';
    
        cur['ant.java.version'] = '1.7';
    
        cur['ant.library.dir'] = 'D:\\TestTools\\apache-ant-1.9.3-bin\\apache-ant-1.9.3\\lib';
    
        cur['ant.project.default-target'] = 'build';
    
        cur['ant.project.invoked-targets'] = 'build,Launcher,junitreport';
    
        cur['ant.project.name'] = 'DirectoryTests';
    
        cur['ant.version'] = 'Apache Ant(TM) version 1.9.3 compiled on December 23 2013';
    
        cur['awt.toolkit'] = 'sun.awt.windows.WToolkit';
    
        cur['basedir'] = 'D:\\TestTools\\Workspace\\DirectoryTests';
    
        cur['debuglevel'] = 'source,lines,vars';
    
        cur['env.ALLUSERSPROFILE'] = 'C:\\ProgramData';
    
        cur['env.ANT_HOME'] = 'D:\\TestTools\\apache-ant-1.9.3-bin\\apache-ant-1.9.3';
    
        cur['env.APPDATA'] = 'C:\\Users\\Artur Trofimchuk\\AppData\\Roaming';
    
        cur['env.CommonProgramFiles'] = 'C:\\Program Files\\Common Files';
    
        cur['env.CommonProgramFiles(x86)'] = 'C:\\Program Files (x86)\\Common Files';
    
        cur['env.CommonProgramW6432'] = 'C:\\Program Files\\Common Files';
    
        cur['env.COMPUTERNAME'] = 'ARTURTROFIMCHUK';
    
        cur['env.ComSpec'] = 'C:\\WINDOWS\\system32\\cmd.exe';
    
        cur['env.FP_NO_HOST_CHECK'] = 'NO';
    
        cur['env.HOMEDRIVE'] = 'C:';
    
        cur['env.HOMEPATH'] = '\\Users\\Artur Trofimchuk';
    
        cur['env.JAVA_HOME'] = 'C:\\Program Files\\Java\\jdk1.7.0_45\\';
    
        cur['env.LOCALAPPDATA'] = 'C:\\Users\\Artur Trofimchuk\\AppData\\Local';
    
        cur['env.LOGONSERVER'] = '\\\\ARTURTROFIMCHUK';
    
        cur['env.NUMBER_OF_PROCESSORS'] = '4';
    
        cur['env.OS'] = 'Windows_NT';
    
        cur['env.Path'] = 'C:\\Program Files\\Java\\jdk1.7.0_45\\;C:\\Program Files (x86)\\Intel\\iCLS Client\\;C:\\Program Files\\Intel\\iCLS Client\\;C:\\WINDOWS\\system32;C:\\WINDOWS;C:\\WINDOWS\\System32\\Wbem;C:\\WINDOWS\\System32\\WindowsPowerShell\\v1.0\\;C:\\Program Files\\Intel\\Intel(R) Management Engine Components\\DAL;C:\\Program Files\\Intel\\Intel(R) Management Engine Components\\IPT;C:\\Program Files (x86)\\Intel\\Intel(R) Management Engine Components\\DAL;C:\\Program Files (x86)\\Intel\\Intel(R) Management Engine Components\\IPT;D:\\TestTools\\apache-ant-1.9.3-bin\\bin\\';
    
        cur['env.PATHEXT'] = '.COM;.EXE;.BAT;.CMD;.VBS;.VBE;.JS;.JSE;.WSF;.WSH;.MSC';
    
        cur['env.PROCESSOR_ARCHITECTURE'] = 'AMD64';
    
        cur['env.PROCESSOR_IDENTIFIER'] = 'Intel64 Family 6 Model 60 Stepping 3, GenuineIntel';
    
        cur['env.PROCESSOR_LEVEL'] = '6';
    
        cur['env.PROCESSOR_REVISION'] = '3c03';
    
        cur['env.ProgramData'] = 'C:\\ProgramData';
    
        cur['env.ProgramFiles'] = 'C:\\Program Files';
    
        cur['env.ProgramFiles(x86)'] = 'C:\\Program Files (x86)';
    
        cur['env.ProgramW6432'] = 'C:\\Program Files';
    
        cur['env.PROMPT'] = '$P$G';
    
        cur['env.PSModulePath'] = 'C:\\WINDOWS\\system32\\WindowsPowerShell\\v1.0\\Modules\\';
    
        cur['env.PUBLIC'] = 'C:\\Users\\Public';
    
        cur['env.SESSIONNAME'] = 'Console';
    
        cur['env.SystemDrive'] = 'C:';
    
        cur['env.SystemRoot'] = 'C:\\WINDOWS';
    
        cur['env.TEMP'] = 'C:\\Users\\ARTURT~1\\AppData\\Local\\Temp';
    
        cur['env.TMP'] = 'C:\\Users\\ARTURT~1\\AppData\\Local\\Temp';
    
        cur['env.USERDOMAIN'] = 'ArturTrofimchuk';
    
        cur['env.USERDOMAIN_ROAMINGPROFILE'] = 'ArturTrofimchuk';
    
        cur['env.USERNAME'] = 'Artur Trofimchuk';
    
        cur['env.USERPROFILE'] = 'C:\\Users\\Artur Trofimchuk';
    
        cur['env.windir'] = 'C:\\WINDOWS';
    
        cur['file.encoding'] = 'Cp1251';
    
        cur['file.encoding.pkg'] = 'sun.io';
    
        cur['file.separator'] = '\\';
    
        cur['java.awt.graphicsenv'] = 'sun.awt.Win32GraphicsEnvironment';
    
        cur['java.awt.printerjob'] = 'sun.awt.windows.WPrinterJob';
    
        cur['java.class.path'] = 'D:\\TestTools\\Workspace\\DirectoryTests\\bin;D:\\TestTools\\eclipse\\plugins\\org.junit_4.11.0.v201303080030\\junit.jar;D:\\TestTools\\eclipse\\plugins\\org.hamcrest.core_1.3.0.v201303031735.jar;D:\\Артур\\selenium-server-standalone-2.39.0.jar;D:\\TestTools\\apache-ant-1.9.3-bin\\apache-ant-1.9.3\\lib\\ant-launcher.jar;D:\\TestTools\\apache-ant-1.9.3-bin\\apache-ant-1.9.3\\lib\\ant.jar;D:\\TestTools\\apache-ant-1.9.3-bin\\apache-ant-1.9.3\\lib\\ant-junit.jar;D:\\TestTools\\apache-ant-1.9.3-bin\\apache-ant-1.9.3\\lib\\ant-junit4.jar';
    
        cur['java.class.version'] = '51.0';
    
        cur['java.endorsed.dirs'] = 'C:\\Program Files\\Java\\jdk1.7.0_45\\jre\\lib\\endorsed';
    
        cur['java.ext.dirs'] = 'C:\\Program Files\\Java\\jdk1.7.0_45\\jre\\lib\\ext;C:\\WINDOWS\\Sun\\Java\\lib\\ext';
    
        cur['java.home'] = 'C:\\Program Files\\Java\\jdk1.7.0_45\\jre';
    
        cur['java.io.tmpdir'] = 'C:\\Users\\ARTURT~1\\AppData\\Local\\Temp\\';
    
        cur['java.library.path'] = 'C:\\Program Files\\Java\\jdk1.7.0_45\\jre\\bin;C:\\WINDOWS\\Sun\\Java\\bin;C:\\WINDOWS\\system32;C:\\WINDOWS;C:\\Program Files\\Java\\jdk1.7.0_45\\;C:\\Program Files (x86)\\Intel\\iCLS Client\\;C:\\Program Files\\Intel\\iCLS Client\\;C:\\WINDOWS\\system32;C:\\WINDOWS;C:\\WINDOWS\\System32\\Wbem;C:\\WINDOWS\\System32\\WindowsPowerShell\\v1.0\\;C:\\Program Files\\Intel\\Intel(R) Management Engine Components\\DAL;C:\\Program Files\\Intel\\Intel(R) Management Engine Components\\IPT;C:\\Program Files (x86)\\Intel\\Intel(R) Management Engine Components\\DAL;C:\\Program Files (x86)\\Intel\\Intel(R) Management Engine Components\\IPT;D:\\TestTools\\apache-ant-1.9.3-bin\\bin\\;.';
    
        cur['java.runtime.name'] = 'Java(TM) SE Runtime Environment';
    
        cur['java.runtime.version'] = '1.7.0_45-b18';
    
        cur['java.specification.name'] = 'Java Platform API Specification';
    
        cur['java.specification.vendor'] = 'Oracle Corporation';
    
        cur['java.specification.version'] = '1.7';
    
        cur['java.vendor'] = 'Oracle Corporation';
    
        cur['java.vendor.url'] = 'http://java.oracle.com/';
    
        cur['java.vendor.url.bug'] = 'http://bugreport.sun.com/bugreport/';
    
        cur['java.version'] = '1.7.0_45';
    
        cur['java.vm.info'] = 'mixed mode';
    
        cur['java.vm.name'] = 'Java HotSpot(TM) 64-Bit Server VM';
    
        cur['java.vm.specification.name'] = 'Java Virtual Machine Specification';
    
        cur['java.vm.specification.vendor'] = 'Oracle Corporation';
    
        cur['java.vm.specification.version'] = '1.7';
    
        cur['java.vm.vendor'] = 'Oracle Corporation';
    
        cur['java.vm.version'] = '24.45-b08';
    
        cur['junit.output.dir'] = 'junit';
    
        cur['line.separator'] = '\r\n';
    
        cur['os.arch'] = 'amd64';
    
        cur['os.name'] = 'Windows 8';
    
        cur['os.version'] = '6.2';
    
        cur['path.separator'] = ';';
    
        cur['source'] = '1.7';
    
        cur['sun.arch.data.model'] = '64';
    
        cur['sun.boot.class.path'] = 'C:\\Program Files\\Java\\jdk1.7.0_45\\jre\\lib\\alt-rt.jar;C:\\Program Files\\Java\\jdk1.7.0_45\\jre\\lib\\charsets.jar;C:\\Program Files\\Java\\jdk1.7.0_45\\jre\\lib\\deploy.jar;C:\\Program Files\\Java\\jdk1.7.0_45\\jre\\lib\\javaws.jar;C:\\Program Files\\Java\\jdk1.7.0_45\\jre\\lib\\jce.jar;C:\\Program Files\\Java\\jdk1.7.0_45\\jre\\lib\\jfr.jar;C:\\Program Files\\Java\\jdk1.7.0_45\\jre\\lib\\jfxrt.jar;C:\\Program Files\\Java\\jdk1.7.0_45\\jre\\lib\\jsse.jar;C:\\Program Files\\Java\\jdk1.7.0_45\\jre\\lib\\management-agent.jar;C:\\Program Files\\Java\\jdk1.7.0_45\\jre\\lib\\plugin.jar;C:\\Program Files\\Java\\jdk1.7.0_45\\jre\\lib\\resources.jar;C:\\Program Files\\Java\\jdk1.7.0_45\\jre\\lib\\rt.jar;C:\\Program Files\\Java\\jdk1.7.0_45\\jre\\lib\\ext\\access-bridge-64.jar;C:\\Program Files\\Java\\jdk1.7.0_45\\jre\\lib\\ext\\dnsns.jar;C:\\Program Files\\Java\\jdk1.7.0_45\\jre\\lib\\ext\\jaccess.jar;C:\\Program Files\\Java\\jdk1.7.0_45\\jre\\lib\\ext\\localedata.jar;C:\\Program Files\\Java\\jdk1.7.0_45\\jre\\lib\\ext\\sunec.jar;C:\\Program Files\\Java\\jdk1.7.0_45\\jre\\lib\\ext\\sunjce_provider.jar;C:\\Program Files\\Java\\jdk1.7.0_45\\jre\\lib\\ext\\sunmscapi.jar;C:\\Program Files\\Java\\jdk1.7.0_45\\jre\\lib\\ext\\zipfs.jar';
    
        cur['sun.boot.library.path'] = 'C:\\Program Files\\Java\\jdk1.7.0_45\\jre\\bin';
    
        cur['sun.cpu.endian'] = 'little';
    
        cur['sun.cpu.isalist'] = 'amd64';
    
        cur['sun.desktop'] = 'windows';
    
        cur['sun.io.unicode.encoding'] = 'UnicodeLittle';
    
        cur['sun.java.command'] = 'org.apache.tools.ant.taskdefs.optional.junit.JUnitTestRunner com.example.tests.Launcher skipNonTests=false filtertrace=true haltOnError=false haltOnFailure=false formatter=org.apache.tools.ant.taskdefs.optional.junit.OutErrSummaryJUnitResultFormatter showoutput=false outputtoformatters=true logfailedtests=true logtestlistenerevents=false formatter=org.apache.tools.ant.taskdefs.optional.junit.XMLJUnitResultFormatter,D:\\TestTools\\Workspace\\DirectoryTests\\junit\\TEST-com.example.tests.Launcher.xml crashfile=D:\\TestTools\\Workspace\\DirectoryTests\\junitvmwatcher2650421590525698416.properties propsfile=D:\\TestTools\\Workspace\\DirectoryTests\\junit1367041956384042812.properties';
    
        cur['sun.java.launcher'] = 'SUN_STANDARD';
    
        cur['sun.jnu.encoding'] = 'Cp1251';
    
        cur['sun.management.compiler'] = 'HotSpot 64-Bit Tiered Compilers';
    
        cur['sun.os.patch.level'] = '';
    
        cur['target'] = '1.7';
    
        cur['user.country'] = 'RU';
    
        cur['user.country.format'] = 'UA';
    
        cur['user.dir'] = 'D:\\TestTools\\Workspace\\DirectoryTests';
    
        cur['user.home'] = 'C:\\Users\\Artur Trofimchuk';
    
        cur['user.language'] = 'ru';
    
        cur['user.language.format'] = 'uk';
    
        cur['user.name'] = 'Artur Trofimchuk';
    
        cur['user.script'] = '';
    
        cur['user.timezone'] = '';
    
        cur['user.variant'] = '';
    </script><script type="text/javascript" language="JavaScript">
        function displayProperties (name) {
          var win = window.open('','JUnitSystemProperties','scrollbars=1,resizable=1');
          var doc = win.document;
          doc.open();
          doc.write("<html><head><title>Properties of " + name + "</title>");
          doc.write("<style type=\"text/css\">");
          doc.write("body {font:normal 68% verdana,arial,helvetica; color:#000000; }");
          doc.write("table tr td, table tr th { font-size: 68%; }");
          doc.write("table.properties { border-collapse:collapse; border-left:solid 1 #cccccc; border-top:solid 1 #cccccc; padding:5px; }");
          doc.write("table.properties th { text-align:left; border-right:solid 1 #cccccc; border-bottom:solid 1 #cccccc; background-color:#eeeeee; }");
          doc.write("table.properties td { font:normal; text-align:left; border-right:solid 1 #cccccc; border-bottom:solid 1 #cccccc; background-color:#fffffff; }");
          doc.write("h3 { margin-bottom: 0.5em; font: bold 115% verdana,arial,helvetica }");
          doc.write("</style>");
          doc.write("</head><body>");
          doc.write("<h3>Properties of " + name + "</h3>");
          doc.write("<div align=\"right\"><a href=\"javascript:window.close();\">Close</a></div>");
          doc.write("<table class='properties'>");
          doc.write("<tr><th>Name</th><th>Value</th></tr>");
          for (prop in TestCases[name]) {
            doc.write("<tr><th>" + prop + "</th><td>" + TestCases[name][prop] + "</td></tr>");
          }
          doc.write("</table>");
          doc.write("</body></html>");
          doc.close();
          win.focus();
        }
      
      </script>
</head>
<body>
<h1>Unit Test Results.</h1>
<table width="100%">
<tr>
<td align="left"></td><td align="right">Designed for use with <a href="http://www.junit.org/">JUnit</a> and <a href="http://ant.apache.org/">Ant</a>.</td>
</tr>
</table>
<hr size="1">
<h3>Class com.example.tests.Launcher</h3>
<table class="details" border="0" cellpadding="5" cellspacing="2" width="95%">
<tr valign="top">
<th width="80%">Name</th><th>Tests</th><th>Errors</th><th>Failures</th><th>Skipped</th><th nowrap>Time(s)</th><th nowrap>Time Stamp</th><th>Host</th>
</tr>
<tr valign="top" class="Error">
<td><a title="Display all tests" href="0_Launcher.html">Launcher</a></td><td><a title="Display all tests" href="0_Launcher.html">90</a></td><td><a title="Display only errors" href="0_Launcher-errors.html">14</a></td><td>0</td><td>0</td><td>1489.954</td><td>2014-01-28T12:17:47</td><td>ArturTrofimchuk</td>
</tr>
</table>
<h2>Errors</h2>
<table class="details" border="0" cellpadding="5" cellspacing="2" width="95%">
<tr valign="top">
<th>Name</th><th>Status</th><th width="80%">Type</th><th nowrap>Time(s)</th>
</tr>
<tr valign="top" class="Error">
<td><a name="testUserEdit"></a>testUserEdit</td><td>Error</td><td>Unable to locate element: {"method":"link text","selector":"autotest"}
Command duration or timeout: 30.03 seconds
For documentation on this error, please visit: http://seleniumhq.org/exceptions/no_such_element.html
Build info: version: '2.39.0', revision: 'ff23eac', time: '2013-12-16 16:11:15'
System info: host: 'ArturTrofimchuk', ip: '192.168.56.1', os.name: 'Windows 8', os.arch: 'amd64', os.version: '6.2', java.version: '1.7.0_45'
Session ID: 437fbc87-c906-456f-9027-dea762590ddc
Driver info: org.openqa.selenium.firefox.FirefoxDriver
Capabilities [{platform=XP, acceptSslCerts=true, javascriptEnabled=true, browserName=firefox, rotatable=false, locationContextEnabled=true, version=26.0, cssSelectorsEnabled=true, databaseEnabled=true, handlesAlerts=true, browserConnectionEnabled=true, nativeEvents=true, webStorageEnabled=true, applicationCacheEnabled=true, takesScreenshot=true}]<br>
<br>
<code>org.openqa.selenium.NoSuchElementException: Unable to locate element: {"method":"link text","selector":"autotest"}<br>Command duration or timeout: 30.03 seconds<br>For documentation on this error, please visit: http://seleniumhq.org/exceptions/no_such_element.html<br>Build info: version: '2.39.0', revision: 'ff23eac', time: '2013-12-16 16:11:15'<br>System info: host: 'ArturTrofimchuk', ip: '192.168.56.1', os.name: 'Windows 8', os.arch: 'amd64', os.version: '6.2', java.version: '1.7.0_45'<br>Session ID: 437fbc87-c906-456f-9027-dea762590ddc<br>Driver info: org.openqa.selenium.firefox.FirefoxDriver<br>Capabilities [{platform=XP, acceptSslCerts=true, javascriptEnabled=true, browserName=firefox, rotatable=false, locationContextEnabled=true, version=26.0, cssSelectorsEnabled=true, databaseEnabled=true, handlesAlerts=true, browserConnectionEnabled=true, nativeEvents=true, webStorageEnabled=true, applicationCacheEnabled=true, takesScreenshot=true}]<br>	at java.lang.reflect.Constructor.newInstance(Constructor.java:526)<br>	at org.openqa.selenium.remote.ErrorHandler.createThrowable(ErrorHandler.java:193)<br>	at org.openqa.selenium.remote.ErrorHandler.throwIfResponseFailed(ErrorHandler.java:145)<br>	at org.openqa.selenium.remote.RemoteWebDriver.execute(RemoteWebDriver.java:554)<br>	at org.openqa.selenium.remote.RemoteWebDriver.findElement(RemoteWebDriver.java:307)<br>	at org.openqa.selenium.remote.RemoteWebDriver.findElementByLinkText(RemoteWebDriver.java:356)<br>	at org.openqa.selenium.By$ByLinkText.findElement(By.java:248)<br>	at org.openqa.selenium.remote.RemoteWebDriver.findElement(RemoteWebDriver.java:299)<br>	at com.example.tests.User.UserEdit.testUserEdit(UserEdit.java:45)<br>Caused by: org.openqa.selenium.remote.ErrorHandler$UnknownServerException: Unable to locate element: {"method":"link text","selector":"autotest"}<br>Build info: version: '2.39.0', revision: 'ff23eac', time: '2013-12-16 16:11:15'<br>System info: host: 'ArturTrofimchuk', ip: '192.168.56.1', os.name: 'Windows 8', os.arch: 'amd64', os.version: '6.2', java.version: '1.7.0_45'<br>Driver info: driver.version: unknown<br>	at &lt;anonymous class&gt;.FirefoxDriver.prototype.findElementInternal_(file:///C:/Users/ARTURT~1/AppData/Local/Temp/anonymous5855277421186937807webdriver-profile/extensions/fxdriver@googlecode.com/components/driver_component.js:8860)<br>	at &lt;anonymous class&gt;.fxdriver.Timer.prototype.setTimeout/&lt;.notify(file:///C:/Users/ARTURT~1/AppData/Local/Temp/anonymous5855277421186937807webdriver-profile/extensions/fxdriver@googlecode.com/components/driver_component.js:396)<br>
</code></td><td>41.853</td>
</tr>
<tr valign="top" class="Error">
<td><a name="testCategoryOfOrganizationEdit"></a>testCategoryOfOrganizationEdit</td><td>Error</td><td>Unable to locate element: {"method":"link text","selector":"autotest"}
Command duration or timeout: 30.08 seconds
For documentation on this error, please visit: http://seleniumhq.org/exceptions/no_such_element.html
Build info: version: '2.39.0', revision: 'ff23eac', time: '2013-12-16 16:11:15'
System info: host: 'ArturTrofimchuk', ip: '192.168.56.1', os.name: 'Windows 8', os.arch: 'amd64', os.version: '6.2', java.version: '1.7.0_45'
Session ID: 6dc971f8-faf4-49d0-a932-e424984a9f86
Driver info: org.openqa.selenium.firefox.FirefoxDriver
Capabilities [{platform=XP, acceptSslCerts=true, javascriptEnabled=true, browserName=firefox, rotatable=false, locationContextEnabled=true, version=26.0, cssSelectorsEnabled=true, databaseEnabled=true, handlesAlerts=true, browserConnectionEnabled=true, nativeEvents=true, webStorageEnabled=true, applicationCacheEnabled=true, takesScreenshot=true}]<br>
<br>
<code>org.openqa.selenium.NoSuchElementException: Unable to locate element: {"method":"link text","selector":"autotest"}<br>Command duration or timeout: 30.08 seconds<br>For documentation on this error, please visit: http://seleniumhq.org/exceptions/no_such_element.html<br>Build info: version: '2.39.0', revision: 'ff23eac', time: '2013-12-16 16:11:15'<br>System info: host: 'ArturTrofimchuk', ip: '192.168.56.1', os.name: 'Windows 8', os.arch: 'amd64', os.version: '6.2', java.version: '1.7.0_45'<br>Session ID: 6dc971f8-faf4-49d0-a932-e424984a9f86<br>Driver info: org.openqa.selenium.firefox.FirefoxDriver<br>Capabilities [{platform=XP, acceptSslCerts=true, javascriptEnabled=true, browserName=firefox, rotatable=false, locationContextEnabled=true, version=26.0, cssSelectorsEnabled=true, databaseEnabled=true, handlesAlerts=true, browserConnectionEnabled=true, nativeEvents=true, webStorageEnabled=true, applicationCacheEnabled=true, takesScreenshot=true}]<br>	at java.lang.reflect.Constructor.newInstance(Constructor.java:526)<br>	at org.openqa.selenium.remote.ErrorHandler.createThrowable(ErrorHandler.java:193)<br>	at org.openqa.selenium.remote.ErrorHandler.throwIfResponseFailed(ErrorHandler.java:145)<br>	at org.openqa.selenium.remote.RemoteWebDriver.execute(RemoteWebDriver.java:554)<br>	at org.openqa.selenium.remote.RemoteWebDriver.findElement(RemoteWebDriver.java:307)<br>	at org.openqa.selenium.remote.RemoteWebDriver.findElementByLinkText(RemoteWebDriver.java:356)<br>	at org.openqa.selenium.By$ByLinkText.findElement(By.java:248)<br>	at org.openqa.selenium.remote.RemoteWebDriver.findElement(RemoteWebDriver.java:299)<br>	at com.example.tests.CategoryOfOrganization.CategoryOfOrganizationEdit.testCategoryOfOrganizationEdit(CategoryOfOrganizationEdit.java:46)<br>Caused by: org.openqa.selenium.remote.ErrorHandler$UnknownServerException: Unable to locate element: {"method":"link text","selector":"autotest"}<br>Build info: version: '2.39.0', revision: 'ff23eac', time: '2013-12-16 16:11:15'<br>System info: host: 'ArturTrofimchuk', ip: '192.168.56.1', os.name: 'Windows 8', os.arch: 'amd64', os.version: '6.2', java.version: '1.7.0_45'<br>Driver info: driver.version: unknown<br>	at &lt;anonymous class&gt;.FirefoxDriver.prototype.findElementInternal_(file:///C:/Users/ARTURT~1/AppData/Local/Temp/anonymous5109229339731971355webdriver-profile/extensions/fxdriver@googlecode.com/components/driver_component.js:8860)<br>	at &lt;anonymous class&gt;.fxdriver.Timer.prototype.setTimeout/&lt;.notify(file:///C:/Users/ARTURT~1/AppData/Local/Temp/anonymous5109229339731971355webdriver-profile/extensions/fxdriver@googlecode.com/components/driver_component.js:396)<br>
</code></td><td>41.404</td>
</tr>
<tr valign="top" class="Error">
<td><a name="testCategoryOfOrganizationDel"></a>testCategoryOfOrganizationDel</td><td>Error</td><td>Unable to locate element: {"method":"link text","selector":"autotest1"}
Command duration or timeout: 30.09 seconds
For documentation on this error, please visit: http://seleniumhq.org/exceptions/no_such_element.html
Build info: version: '2.39.0', revision: 'ff23eac', time: '2013-12-16 16:11:15'
System info: host: 'ArturTrofimchuk', ip: '192.168.56.1', os.name: 'Windows 8', os.arch: 'amd64', os.version: '6.2', java.version: '1.7.0_45'
Session ID: b53a9e08-46e8-4ce5-b1aa-ad89f7e1e9d2
Driver info: org.openqa.selenium.firefox.FirefoxDriver
Capabilities [{platform=XP, acceptSslCerts=true, javascriptEnabled=true, browserName=firefox, rotatable=false, locationContextEnabled=true, version=26.0, cssSelectorsEnabled=true, databaseEnabled=true, handlesAlerts=true, browserConnectionEnabled=true, nativeEvents=true, webStorageEnabled=true, applicationCacheEnabled=true, takesScreenshot=true}]<br>
<br>
<code>org.openqa.selenium.NoSuchElementException: Unable to locate element: {"method":"link text","selector":"autotest1"}<br>Command duration or timeout: 30.09 seconds<br>For documentation on this error, please visit: http://seleniumhq.org/exceptions/no_such_element.html<br>Build info: version: '2.39.0', revision: 'ff23eac', time: '2013-12-16 16:11:15'<br>System info: host: 'ArturTrofimchuk', ip: '192.168.56.1', os.name: 'Windows 8', os.arch: 'amd64', os.version: '6.2', java.version: '1.7.0_45'<br>Session ID: b53a9e08-46e8-4ce5-b1aa-ad89f7e1e9d2<br>Driver info: org.openqa.selenium.firefox.FirefoxDriver<br>Capabilities [{platform=XP, acceptSslCerts=true, javascriptEnabled=true, browserName=firefox, rotatable=false, locationContextEnabled=true, version=26.0, cssSelectorsEnabled=true, databaseEnabled=true, handlesAlerts=true, browserConnectionEnabled=true, nativeEvents=true, webStorageEnabled=true, applicationCacheEnabled=true, takesScreenshot=true}]<br>	at java.lang.reflect.Constructor.newInstance(Constructor.java:526)<br>	at org.openqa.selenium.remote.ErrorHandler.createThrowable(ErrorHandler.java:193)<br>	at org.openqa.selenium.remote.ErrorHandler.throwIfResponseFailed(ErrorHandler.java:145)<br>	at org.openqa.selenium.remote.RemoteWebDriver.execute(RemoteWebDriver.java:554)<br>	at org.openqa.selenium.remote.RemoteWebDriver.findElement(RemoteWebDriver.java:307)<br>	at org.openqa.selenium.remote.RemoteWebDriver.findElementByLinkText(RemoteWebDriver.java:356)<br>	at org.openqa.selenium.By$ByLinkText.findElement(By.java:248)<br>	at org.openqa.selenium.remote.RemoteWebDriver.findElement(RemoteWebDriver.java:299)<br>	at com.example.tests.CategoryOfOrganization.CategoryOfOrganizationDel.testCategoryOfOrganizationDel(CategoryOfOrganizationDel.java:47)<br>Caused by: org.openqa.selenium.remote.ErrorHandler$UnknownServerException: Unable to locate element: {"method":"link text","selector":"autotest1"}<br>Build info: version: '2.39.0', revision: 'ff23eac', time: '2013-12-16 16:11:15'<br>System info: host: 'ArturTrofimchuk', ip: '192.168.56.1', os.name: 'Windows 8', os.arch: 'amd64', os.version: '6.2', java.version: '1.7.0_45'<br>Driver info: driver.version: unknown<br>	at &lt;anonymous class&gt;.FirefoxDriver.prototype.findElementInternal_(file:///C:/Users/ARTURT~1/AppData/Local/Temp/anonymous6508872649478405115webdriver-profile/extensions/fxdriver@googlecode.com/components/driver_component.js:8860)<br>	at &lt;anonymous class&gt;.fxdriver.Timer.prototype.setTimeout/&lt;.notify(file:///C:/Users/ARTURT~1/AppData/Local/Temp/anonymous6508872649478405115webdriver-profile/extensions/fxdriver@googlecode.com/components/driver_component.js:396)<br>
</code></td><td>41.615</td>
</tr>
<tr valign="top" class="Error">
<td><a name="testTerritoryAssigne"></a>testTerritoryAssigne</td><td>Error</td><td>Unable to locate element: {"method":"link text","selector":"AutotestB"}
Command duration or timeout: 31.63 seconds
For documentation on this error, please visit: http://seleniumhq.org/exceptions/no_such_element.html
Build info: version: '2.39.0', revision: 'ff23eac', time: '2013-12-16 16:11:15'
System info: host: 'ArturTrofimchuk', ip: '192.168.56.1', os.name: 'Windows 8', os.arch: 'amd64', os.version: '6.2', java.version: '1.7.0_45'
Session ID: 64e80db4-9d08-4210-b018-4d62a906e0fa
Driver info: org.openqa.selenium.firefox.FirefoxDriver
Capabilities [{platform=XP, acceptSslCerts=true, javascriptEnabled=true, browserName=firefox, rotatable=false, locationContextEnabled=true, version=26.0, cssSelectorsEnabled=true, databaseEnabled=true, handlesAlerts=true, browserConnectionEnabled=true, nativeEvents=true, webStorageEnabled=true, applicationCacheEnabled=true, takesScreenshot=true}]<br>
<br>
<code>org.openqa.selenium.NoSuchElementException: Unable to locate element: {"method":"link text","selector":"AutotestB"}<br>Command duration or timeout: 31.63 seconds<br>For documentation on this error, please visit: http://seleniumhq.org/exceptions/no_such_element.html<br>Build info: version: '2.39.0', revision: 'ff23eac', time: '2013-12-16 16:11:15'<br>System info: host: 'ArturTrofimchuk', ip: '192.168.56.1', os.name: 'Windows 8', os.arch: 'amd64', os.version: '6.2', java.version: '1.7.0_45'<br>Session ID: 64e80db4-9d08-4210-b018-4d62a906e0fa<br>Driver info: org.openqa.selenium.firefox.FirefoxDriver<br>Capabilities [{platform=XP, acceptSslCerts=true, javascriptEnabled=true, browserName=firefox, rotatable=false, locationContextEnabled=true, version=26.0, cssSelectorsEnabled=true, databaseEnabled=true, handlesAlerts=true, browserConnectionEnabled=true, nativeEvents=true, webStorageEnabled=true, applicationCacheEnabled=true, takesScreenshot=true}]<br>	at java.lang.reflect.Constructor.newInstance(Constructor.java:526)<br>	at org.openqa.selenium.remote.ErrorHandler.createThrowable(ErrorHandler.java:193)<br>	at org.openqa.selenium.remote.ErrorHandler.throwIfResponseFailed(ErrorHandler.java:145)<br>	at org.openqa.selenium.remote.RemoteWebDriver.execute(RemoteWebDriver.java:554)<br>	at org.openqa.selenium.remote.RemoteWebDriver.findElement(RemoteWebDriver.java:307)<br>	at org.openqa.selenium.remote.RemoteWebDriver.findElementByLinkText(RemoteWebDriver.java:356)<br>	at org.openqa.selenium.By$ByLinkText.findElement(By.java:248)<br>	at org.openqa.selenium.remote.RemoteWebDriver.findElement(RemoteWebDriver.java:299)<br>	at com.example.tests.Territory.TerritoryAssigne.testTerritoryAssigne(TerritoryAssigne.java:47)<br>Caused by: org.openqa.selenium.remote.ErrorHandler$UnknownServerException: Unable to locate element: {"method":"link text","selector":"AutotestB"}<br>Build info: version: '2.39.0', revision: 'ff23eac', time: '2013-12-16 16:11:15'<br>System info: host: 'ArturTrofimchuk', ip: '192.168.56.1', os.name: 'Windows 8', os.arch: 'amd64', os.version: '6.2', java.version: '1.7.0_45'<br>Driver info: driver.version: unknown<br>	at &lt;anonymous class&gt;.FirefoxDriver.prototype.findElementInternal_(file:///C:/Users/ARTURT~1/AppData/Local/Temp/anonymous572698142513929133webdriver-profile/extensions/fxdriver@googlecode.com/components/driver_component.js:8860)<br>	at &lt;anonymous class&gt;.fxdriver.Timer.prototype.setTimeout/&lt;.notify(file:///C:/Users/ARTURT~1/AppData/Local/Temp/anonymous572698142513929133webdriver-profile/extensions/fxdriver@googlecode.com/components/driver_component.js:396)<br>
</code></td><td>47.810</td>
</tr>
<tr valign="top" class="Error">
<td><a name="testTerritoryUnassigne"></a>testTerritoryUnassigne</td><td>Error</td><td>Unable to locate element: {"method":"css selector","selector":"td &gt; label.input-control.checkbox &gt; span.helper"}
Command duration or timeout: 30.14 seconds
For documentation on this error, please visit: http://seleniumhq.org/exceptions/no_such_element.html
Build info: version: '2.39.0', revision: 'ff23eac', time: '2013-12-16 16:11:15'
System info: host: 'ArturTrofimchuk', ip: '192.168.56.1', os.name: 'Windows 8', os.arch: 'amd64', os.version: '6.2', java.version: '1.7.0_45'
Session ID: 5d41b7fd-dcab-4bbd-8bd0-8ff4aa414db3
Driver info: org.openqa.selenium.firefox.FirefoxDriver
Capabilities [{platform=XP, acceptSslCerts=true, javascriptEnabled=true, browserName=firefox, rotatable=false, locationContextEnabled=true, version=26.0, cssSelectorsEnabled=true, databaseEnabled=true, handlesAlerts=true, browserConnectionEnabled=true, nativeEvents=true, webStorageEnabled=true, applicationCacheEnabled=true, takesScreenshot=true}]<br>
<br>
<code>org.openqa.selenium.NoSuchElementException: Unable to locate element: {"method":"css selector","selector":"td &gt; label.input-control.checkbox &gt; span.helper"}<br>Command duration or timeout: 30.14 seconds<br>For documentation on this error, please visit: http://seleniumhq.org/exceptions/no_such_element.html<br>Build info: version: '2.39.0', revision: 'ff23eac', time: '2013-12-16 16:11:15'<br>System info: host: 'ArturTrofimchuk', ip: '192.168.56.1', os.name: 'Windows 8', os.arch: 'amd64', os.version: '6.2', java.version: '1.7.0_45'<br>Session ID: 5d41b7fd-dcab-4bbd-8bd0-8ff4aa414db3<br>Driver info: org.openqa.selenium.firefox.FirefoxDriver<br>Capabilities [{platform=XP, acceptSslCerts=true, javascriptEnabled=true, browserName=firefox, rotatable=false, locationContextEnabled=true, version=26.0, cssSelectorsEnabled=true, databaseEnabled=true, handlesAlerts=true, browserConnectionEnabled=true, nativeEvents=true, webStorageEnabled=true, applicationCacheEnabled=true, takesScreenshot=true}]<br>	at java.lang.reflect.Constructor.newInstance(Constructor.java:526)<br>	at org.openqa.selenium.remote.ErrorHandler.createThrowable(ErrorHandler.java:193)<br>	at org.openqa.selenium.remote.ErrorHandler.throwIfResponseFailed(ErrorHandler.java:145)<br>	at org.openqa.selenium.remote.RemoteWebDriver.execute(RemoteWebDriver.java:554)<br>	at org.openqa.selenium.remote.RemoteWebDriver.findElement(RemoteWebDriver.java:307)<br>	at org.openqa.selenium.remote.RemoteWebDriver.findElementByCssSelector(RemoteWebDriver.java:396)<br>	at org.openqa.selenium.By$ByCssSelector.findElement(By.java:432)<br>	at org.openqa.selenium.remote.RemoteWebDriver.findElement(RemoteWebDriver.java:299)<br>	at com.example.tests.Territory.TerritoryUnassigne.testTerritoryUnassigne(TerritoryUnassigne.java:37)<br>Caused by: org.openqa.selenium.remote.ErrorHandler$UnknownServerException: Unable to locate element: {"method":"css selector","selector":"td &gt; label.input-control.checkbox &gt; span.helper"}<br>Build info: version: '2.39.0', revision: 'ff23eac', time: '2013-12-16 16:11:15'<br>System info: host: 'ArturTrofimchuk', ip: '192.168.56.1', os.name: 'Windows 8', os.arch: 'amd64', os.version: '6.2', java.version: '1.7.0_45'<br>Driver info: driver.version: unknown<br>	at &lt;anonymous class&gt;.FirefoxDriver.prototype.findElementInternal_(file:///C:/Users/ARTURT~1/AppData/Local/Temp/anonymous9092970997943838119webdriver-profile/extensions/fxdriver@googlecode.com/components/driver_component.js:8860)<br>	at &lt;anonymous class&gt;.fxdriver.Timer.prototype.setTimeout/&lt;.notify(file:///C:/Users/ARTURT~1/AppData/Local/Temp/anonymous9092970997943838119webdriver-profile/extensions/fxdriver@googlecode.com/components/driver_component.js:396)<br>
</code></td><td>40.514</td>
</tr>
<tr valign="top" class="Error">
<td><a name="testTerritoryOrganizationAssigne"></a>testTerritoryOrganizationAssigne</td><td>Error</td><td>Unable to locate element: {"method":"id","selector":"assignButton_Organization"}
Command duration or timeout: 30.08 seconds
For documentation on this error, please visit: http://seleniumhq.org/exceptions/no_such_element.html
Build info: version: '2.39.0', revision: 'ff23eac', time: '2013-12-16 16:11:15'
System info: host: 'ArturTrofimchuk', ip: '192.168.56.1', os.name: 'Windows 8', os.arch: 'amd64', os.version: '6.2', java.version: '1.7.0_45'
Session ID: 4539d909-104f-4a45-bde7-c601daa30063
Driver info: org.openqa.selenium.firefox.FirefoxDriver
Capabilities [{platform=XP, acceptSslCerts=true, javascriptEnabled=true, browserName=firefox, rotatable=false, locationContextEnabled=true, version=26.0, cssSelectorsEnabled=true, databaseEnabled=true, handlesAlerts=true, browserConnectionEnabled=true, nativeEvents=true, webStorageEnabled=true, applicationCacheEnabled=true, takesScreenshot=true}]<br>
<br>
<code>org.openqa.selenium.NoSuchElementException: Unable to locate element: {"method":"id","selector":"assignButton_Organization"}<br>Command duration or timeout: 30.08 seconds<br>For documentation on this error, please visit: http://seleniumhq.org/exceptions/no_such_element.html<br>Build info: version: '2.39.0', revision: 'ff23eac', time: '2013-12-16 16:11:15'<br>System info: host: 'ArturTrofimchuk', ip: '192.168.56.1', os.name: 'Windows 8', os.arch: 'amd64', os.version: '6.2', java.version: '1.7.0_45'<br>Session ID: 4539d909-104f-4a45-bde7-c601daa30063<br>Driver info: org.openqa.selenium.firefox.FirefoxDriver<br>Capabilities [{platform=XP, acceptSslCerts=true, javascriptEnabled=true, browserName=firefox, rotatable=false, locationContextEnabled=true, version=26.0, cssSelectorsEnabled=true, databaseEnabled=true, handlesAlerts=true, browserConnectionEnabled=true, nativeEvents=true, webStorageEnabled=true, applicationCacheEnabled=true, takesScreenshot=true}]<br>	at java.lang.reflect.Constructor.newInstance(Constructor.java:526)<br>	at org.openqa.selenium.remote.ErrorHandler.createThrowable(ErrorHandler.java:193)<br>	at org.openqa.selenium.remote.ErrorHandler.throwIfResponseFailed(ErrorHandler.java:145)<br>	at org.openqa.selenium.remote.RemoteWebDriver.execute(RemoteWebDriver.java:554)<br>	at org.openqa.selenium.remote.RemoteWebDriver.findElement(RemoteWebDriver.java:307)<br>	at org.openqa.selenium.remote.RemoteWebDriver.findElementById(RemoteWebDriver.java:348)<br>	at org.openqa.selenium.By$ById.findElement(By.java:220)<br>	at org.openqa.selenium.remote.RemoteWebDriver.findElement(RemoteWebDriver.java:299)<br>	at com.example.tests.Territory.TerritoryOrganizationAssigne.testTerritoryOrganizationAssigne(TerritoryOrganizationAssigne.java:42)<br>Caused by: org.openqa.selenium.remote.ErrorHandler$UnknownServerException: Unable to locate element: {"method":"id","selector":"assignButton_Organization"}<br>Build info: version: '2.39.0', revision: 'ff23eac', time: '2013-12-16 16:11:15'<br>System info: host: 'ArturTrofimchuk', ip: '192.168.56.1', os.name: 'Windows 8', os.arch: 'amd64', os.version: '6.2', java.version: '1.7.0_45'<br>Driver info: driver.version: unknown<br>	at &lt;anonymous class&gt;.FirefoxDriver.prototype.findElementInternal_(file:///C:/Users/ARTURT~1/AppData/Local/Temp/anonymous6705397525089801575webdriver-profile/extensions/fxdriver@googlecode.com/components/driver_component.js:8860)<br>	at &lt;anonymous class&gt;.fxdriver.Timer.prototype.setTimeout/&lt;.notify(file:///C:/Users/ARTURT~1/AppData/Local/Temp/anonymous6705397525089801575webdriver-profile/extensions/fxdriver@googlecode.com/components/driver_component.js:396)<br>
</code></td><td>42.590</td>
</tr>
<tr valign="top" class="Error">
<td><a name="testTerritoryOrganizationUnassigne"></a>testTerritoryOrganizationUnassigne</td><td>Error</td><td>Element not found in the cache - perhaps the page has changed since it was looked up
Command duration or timeout: 30.09 seconds
For documentation on this error, please visit: http://seleniumhq.org/exceptions/stale_element_reference.html
Build info: version: '2.39.0', revision: 'ff23eac', time: '2013-12-16 16:11:15'
System info: host: 'ArturTrofimchuk', ip: '192.168.56.1', os.name: 'Windows 8', os.arch: 'amd64', os.version: '6.2', java.version: '1.7.0_45'
Session ID: 87d5a6bf-e2fb-4736-a568-4e0fb09da8dd
Driver info: org.openqa.selenium.firefox.FirefoxDriver
Capabilities [{platform=XP, acceptSslCerts=true, javascriptEnabled=true, browserName=firefox, rotatable=false, locationContextEnabled=true, version=26.0, cssSelectorsEnabled=true, databaseEnabled=true, handlesAlerts=true, browserConnectionEnabled=true, nativeEvents=true, webStorageEnabled=true, applicationCacheEnabled=true, takesScreenshot=true}]<br>
<br>
<code>org.openqa.selenium.StaleElementReferenceException: Element not found in the cache - perhaps the page has changed since it was looked up<br>Command duration or timeout: 30.09 seconds<br>For documentation on this error, please visit: http://seleniumhq.org/exceptions/stale_element_reference.html<br>Build info: version: '2.39.0', revision: 'ff23eac', time: '2013-12-16 16:11:15'<br>System info: host: 'ArturTrofimchuk', ip: '192.168.56.1', os.name: 'Windows 8', os.arch: 'amd64', os.version: '6.2', java.version: '1.7.0_45'<br>Session ID: 87d5a6bf-e2fb-4736-a568-4e0fb09da8dd<br>Driver info: org.openqa.selenium.firefox.FirefoxDriver<br>Capabilities [{platform=XP, acceptSslCerts=true, javascriptEnabled=true, browserName=firefox, rotatable=false, locationContextEnabled=true, version=26.0, cssSelectorsEnabled=true, databaseEnabled=true, handlesAlerts=true, browserConnectionEnabled=true, nativeEvents=true, webStorageEnabled=true, applicationCacheEnabled=true, takesScreenshot=true}]<br>	at java.lang.reflect.Constructor.newInstance(Constructor.java:526)<br>	at org.openqa.selenium.remote.ErrorHandler.createThrowable(ErrorHandler.java:193)<br>	at org.openqa.selenium.remote.ErrorHandler.throwIfResponseFailed(ErrorHandler.java:145)<br>	at org.openqa.selenium.remote.RemoteWebDriver.execute(RemoteWebDriver.java:554)<br>	at org.openqa.selenium.remote.RemoteWebElement.execute(RemoteWebElement.java:268)<br>	at org.openqa.selenium.remote.RemoteWebElement.click(RemoteWebElement.java:79)<br>	at com.example.tests.Territory.TerritoryOrganizationUnassigne.testTerritoryOrganizationUnassigne(TerritoryOrganizationUnassigne.java:42)<br>Caused by: org.openqa.selenium.remote.ErrorHandler$UnknownServerException: Element not found in the cache - perhaps the page has changed since it was looked up<br>Build info: version: '2.39.0', revision: 'ff23eac', time: '2013-12-16 16:11:15'<br>System info: host: 'ArturTrofimchuk', ip: '192.168.56.1', os.name: 'Windows 8', os.arch: 'amd64', os.version: '6.2', java.version: '1.7.0_45'<br>Driver info: driver.version: unknown<br>	at &lt;anonymous class&gt;.fxdriver.cache.getElementAt(resource://fxdriver/modules/web_element_cache.js:7584)<br>	at &lt;anonymous class&gt;.Utils.getElementAt(file:///C:/Users/ARTURT~1/AppData/Local/Temp/anonymous5907359102138623352webdriver-profile/extensions/fxdriver@googlecode.com/components/command_processor.js:7197)<br>	at &lt;anonymous class&gt;.fxdriver.preconditions.visible(file:///C:/Users/ARTURT~1/AppData/Local/Temp/anonymous5907359102138623352webdriver-profile/extensions/fxdriver@googlecode.com/components/command_processor.js:8177)<br>	at &lt;anonymous class&gt;.DelayedCommand.prototype.checkPreconditions_(file:///C:/Users/ARTURT~1/AppData/Local/Temp/anonymous5907359102138623352webdriver-profile/extensions/fxdriver@googlecode.com/components/command_processor.js:10814)<br>	at &lt;anonymous class&gt;.DelayedCommand.prototype.executeInternal_/h(file:///C:/Users/ARTURT~1/AppData/Local/Temp/anonymous5907359102138623352webdriver-profile/extensions/fxdriver@googlecode.com/components/command_processor.js:10831)<br>	at &lt;anonymous class&gt;.fxdriver.Timer.prototype.setTimeout/&lt;.notify(file:///C:/Users/ARTURT~1/AppData/Local/Temp/anonymous5907359102138623352webdriver-profile/extensions/fxdriver@googlecode.com/components/command_processor.js:396)<br>
</code></td><td>43.564</td>
</tr>
<tr valign="top" class="Error">
<td><a name="testTerritoryUserAssigne"></a>testTerritoryUserAssigne</td><td>Error</td><td>Unable to locate element: {"method":"id","selector":"assignButton_User"}
Command duration or timeout: 30.08 seconds
For documentation on this error, please visit: http://seleniumhq.org/exceptions/no_such_element.html
Build info: version: '2.39.0', revision: 'ff23eac', time: '2013-12-16 16:11:15'
System info: host: 'ArturTrofimchuk', ip: '192.168.56.1', os.name: 'Windows 8', os.arch: 'amd64', os.version: '6.2', java.version: '1.7.0_45'
Session ID: f58ca8e6-d991-48a4-8d5e-5b15b6d94a1b
Driver info: org.openqa.selenium.firefox.FirefoxDriver
Capabilities [{platform=XP, acceptSslCerts=true, javascriptEnabled=true, browserName=firefox, rotatable=false, locationContextEnabled=true, version=26.0, cssSelectorsEnabled=true, databaseEnabled=true, handlesAlerts=true, browserConnectionEnabled=true, nativeEvents=true, webStorageEnabled=true, applicationCacheEnabled=true, takesScreenshot=true}]<br>
<br>
<code>org.openqa.selenium.NoSuchElementException: Unable to locate element: {"method":"id","selector":"assignButton_User"}<br>Command duration or timeout: 30.08 seconds<br>For documentation on this error, please visit: http://seleniumhq.org/exceptions/no_such_element.html<br>Build info: version: '2.39.0', revision: 'ff23eac', time: '2013-12-16 16:11:15'<br>System info: host: 'ArturTrofimchuk', ip: '192.168.56.1', os.name: 'Windows 8', os.arch: 'amd64', os.version: '6.2', java.version: '1.7.0_45'<br>Session ID: f58ca8e6-d991-48a4-8d5e-5b15b6d94a1b<br>Driver info: org.openqa.selenium.firefox.FirefoxDriver<br>Capabilities [{platform=XP, acceptSslCerts=true, javascriptEnabled=true, browserName=firefox, rotatable=false, locationContextEnabled=true, version=26.0, cssSelectorsEnabled=true, databaseEnabled=true, handlesAlerts=true, browserConnectionEnabled=true, nativeEvents=true, webStorageEnabled=true, applicationCacheEnabled=true, takesScreenshot=true}]<br>	at java.lang.reflect.Constructor.newInstance(Constructor.java:526)<br>	at org.openqa.selenium.remote.ErrorHandler.createThrowable(ErrorHandler.java:193)<br>	at org.openqa.selenium.remote.ErrorHandler.throwIfResponseFailed(ErrorHandler.java:145)<br>	at org.openqa.selenium.remote.RemoteWebDriver.execute(RemoteWebDriver.java:554)<br>	at org.openqa.selenium.remote.RemoteWebDriver.findElement(RemoteWebDriver.java:307)<br>	at org.openqa.selenium.remote.RemoteWebDriver.findElementById(RemoteWebDriver.java:348)<br>	at org.openqa.selenium.By$ById.findElement(By.java:220)<br>	at org.openqa.selenium.remote.RemoteWebDriver.findElement(RemoteWebDriver.java:299)<br>	at com.example.tests.Territory.TerritoryUserAssigne.testTerritoryUserAssigne(TerritoryUserAssigne.java:42)<br>Caused by: org.openqa.selenium.remote.ErrorHandler$UnknownServerException: Unable to locate element: {"method":"id","selector":"assignButton_User"}<br>Build info: version: '2.39.0', revision: 'ff23eac', time: '2013-12-16 16:11:15'<br>System info: host: 'ArturTrofimchuk', ip: '192.168.56.1', os.name: 'Windows 8', os.arch: 'amd64', os.version: '6.2', java.version: '1.7.0_45'<br>Driver info: driver.version: unknown<br>	at &lt;anonymous class&gt;.FirefoxDriver.prototype.findElementInternal_(file:///C:/Users/ARTURT~1/AppData/Local/Temp/anonymous8313951042489074060webdriver-profile/extensions/fxdriver@googlecode.com/components/driver_component.js:8860)<br>	at &lt;anonymous class&gt;.fxdriver.Timer.prototype.setTimeout/&lt;.notify(file:///C:/Users/ARTURT~1/AppData/Local/Temp/anonymous8313951042489074060webdriver-profile/extensions/fxdriver@googlecode.com/components/driver_component.js:396)<br>
</code></td><td>42.605</td>
</tr>
<tr valign="top" class="Error">
<td><a name="testTerritoryOrganizationUnassigne"></a>testTerritoryOrganizationUnassigne</td><td>Error</td><td>Unable to locate element: {"method":"css selector","selector":"input[id^=Checkbox_User_]"}
Command duration or timeout: 30.03 seconds
For documentation on this error, please visit: http://seleniumhq.org/exceptions/no_such_element.html
Build info: version: '2.39.0', revision: 'ff23eac', time: '2013-12-16 16:11:15'
System info: host: 'ArturTrofimchuk', ip: '192.168.56.1', os.name: 'Windows 8', os.arch: 'amd64', os.version: '6.2', java.version: '1.7.0_45'
Session ID: 695f4160-3dff-4b58-8c79-c6551574b3b3
Driver info: org.openqa.selenium.firefox.FirefoxDriver
Capabilities [{platform=XP, acceptSslCerts=true, javascriptEnabled=true, browserName=firefox, rotatable=false, locationContextEnabled=true, version=26.0, cssSelectorsEnabled=true, databaseEnabled=true, handlesAlerts=true, browserConnectionEnabled=true, nativeEvents=true, webStorageEnabled=true, applicationCacheEnabled=true, takesScreenshot=true}]<br>
<br>
<code>org.openqa.selenium.NoSuchElementException: Unable to locate element: {"method":"css selector","selector":"input[id^=Checkbox_User_]"}<br>Command duration or timeout: 30.03 seconds<br>For documentation on this error, please visit: http://seleniumhq.org/exceptions/no_such_element.html<br>Build info: version: '2.39.0', revision: 'ff23eac', time: '2013-12-16 16:11:15'<br>System info: host: 'ArturTrofimchuk', ip: '192.168.56.1', os.name: 'Windows 8', os.arch: 'amd64', os.version: '6.2', java.version: '1.7.0_45'<br>Session ID: 695f4160-3dff-4b58-8c79-c6551574b3b3<br>Driver info: org.openqa.selenium.firefox.FirefoxDriver<br>Capabilities [{platform=XP, acceptSslCerts=true, javascriptEnabled=true, browserName=firefox, rotatable=false, locationContextEnabled=true, version=26.0, cssSelectorsEnabled=true, databaseEnabled=true, handlesAlerts=true, browserConnectionEnabled=true, nativeEvents=true, webStorageEnabled=true, applicationCacheEnabled=true, takesScreenshot=true}]<br>	at java.lang.reflect.Constructor.newInstance(Constructor.java:526)<br>	at org.openqa.selenium.remote.ErrorHandler.createThrowable(ErrorHandler.java:193)<br>	at org.openqa.selenium.remote.ErrorHandler.throwIfResponseFailed(ErrorHandler.java:145)<br>	at org.openqa.selenium.remote.RemoteWebDriver.execute(RemoteWebDriver.java:554)<br>	at org.openqa.selenium.remote.RemoteWebDriver.findElement(RemoteWebDriver.java:307)<br>	at org.openqa.selenium.remote.RemoteWebDriver.findElementByCssSelector(RemoteWebDriver.java:396)<br>	at org.openqa.selenium.By$ByCssSelector.findElement(By.java:432)<br>	at org.openqa.selenium.remote.RemoteWebDriver.findElement(RemoteWebDriver.java:299)<br>	at com.example.tests.Territory.TerritoryUserUnassigne.testTerritoryOrganizationUnassigne(TerritoryUserUnassigne.java:42)<br>Caused by: org.openqa.selenium.remote.ErrorHandler$UnknownServerException: Unable to locate element: {"method":"css selector","selector":"input[id^=Checkbox_User_]"}<br>Build info: version: '2.39.0', revision: 'ff23eac', time: '2013-12-16 16:11:15'<br>System info: host: 'ArturTrofimchuk', ip: '192.168.56.1', os.name: 'Windows 8', os.arch: 'amd64', os.version: '6.2', java.version: '1.7.0_45'<br>Driver info: driver.version: unknown<br>	at &lt;anonymous class&gt;.FirefoxDriver.prototype.findElementInternal_(file:///C:/Users/ARTURT~1/AppData/Local/Temp/anonymous6546588244341299207webdriver-profile/extensions/fxdriver@googlecode.com/components/driver_component.js:8860)<br>	at &lt;anonymous class&gt;.fxdriver.Timer.prototype.setTimeout/&lt;.notify(file:///C:/Users/ARTURT~1/AppData/Local/Temp/anonymous6546588244341299207webdriver-profile/extensions/fxdriver@googlecode.com/components/driver_component.js:396)<br>
</code></td><td>43.395</td>
</tr>
<tr valign="top" class="Error">
<td><a name="testUserEventAdd"></a>testUserEventAdd</td><td>Error</td><td>N/A<br>
<br>
<code>java.lang.NullPointerException<br>	at com.example.tests.UserEvents.UserEventsAdd.testUserEventAdd(UserEventsAdd.java:48)<br>
</code></td><td>13.427</td>
</tr>
<tr valign="top" class="Error">
<td><a name="testUserEventContactAssigne"></a>testUserEventContactAssigne</td><td>Error</td><td>N/A<br>
<br>
<code>java.lang.NullPointerException<br>	at com.example.tests.UserEvents.UserEventContactAssigne.testUserEventContactAssigne(UserEventContactAssigne.java:41)<br>
</code></td><td>10.220</td>
</tr>
<tr valign="top" class="Error">
<td><a name="testEventContactUnassigne"></a>testEventContactUnassigne</td><td>Error</td><td>N/A<br>
<br>
<code>java.lang.NullPointerException<br>	at com.example.tests.UserEvents.UserEventContactUnassigne.testEventContactUnassigne(UserEventContactUnassigne.java:41)<br>
</code></td><td>10.543</td>
</tr>
<tr valign="top" class="Error">
<td><a name="testUserEventsEdit"></a>testUserEventsEdit</td><td>Error</td><td>N/A<br>
<br>
<code>java.lang.NullPointerException<br>	at com.example.tests.UserEvents.UserEventsEdit.testUserEventsEdit(UserEventsEdit.java:49)<br>
</code></td><td>11.363</td>
</tr>
<tr valign="top" class="Error">
<td><a name="testUserEventsDel"></a>testUserEventsDel</td><td>Error</td><td>N/A<br>
<br>
<code>java.lang.NullPointerException<br>	at com.example.tests.UserEvents.UserEventsDel.testUserEventsDel(UserEventsDel.java:49)<br>
</code></td><td>11.823</td>
</tr>
</table>
<div class="Properties">
<a href="javascript:displayProperties('com.example.tests.Launcher');">
                    Properties &raquo;
                </a>
</div>
</body>
</html>
